#
# A fatal error has been detected by the Java Runtime Environment:
#
#  EXCEPTION_ACCESS_VIOLATION (0xc0000005) at pc=0x00007ff80584960c, pid=10916, tid=12132
#
# JRE version: Java(TM) SE Runtime Environment (10.0.2+13) (build 10.0.2+13)
# Java VM: Java HotSpot(TM) 64-Bit Server VM (10.0.2+13, mixed mode, tiered, compressed oops, g1 gc, windows-amd64)
# Problematic frame:
# C  [ig9icd64.dll+0x89960c]
#
# No core dump will be written. Minidumps are not enabled by default on client versions of Windows
#
# If you would like to submit a bug report, please visit:
#   http://bugreport.java.com/bugreport/crash.jsp
# The crash happened outside the Java Virtual Machine in native code.
# See problematic frame for where to report the bug.
#

---------------  S U M M A R Y ------------

Command Line: -Dfile.encoding=Cp1252 game.Main

Host: Intel(R) Core(TM) i7-7700HQ CPU @ 2.80GHz, 8 cores, 7G,  Windows 10 , 64 bit Build 17134 (10.0.17134.1)
Time: Sun Nov 25 17:20:19 2018 Hawaiian Standard Time elapsed time: 1 seconds (0d 0h 0m 1s)

---------------  T H R E A D  ---------------

Current thread (0x000001f459cff800):  JavaThread "main" [_thread_in_native, id=12132, stack(0x0000006c9fb00000,0x0000006c9fc00000)]

Stack: [0x0000006c9fb00000,0x0000006c9fc00000],  sp=0x0000006c9fbfcb40,  free space=1010k
Native frames: (J=compiled Java code, j=interpreted, Vv=VM code, C=native code)
C  [ig9icd64.dll+0x89960c]

Java frames: (J=compiled Java code, j=interpreted, Vv=VM code)
j  org.lwjgl.opengl.GL20C.glLinkProgram(I)V+0
j  org.lwjgl.opengl.GL20.glLinkProgram(I)V+1
j  cnge.graphics.Shader.<init>(Ljava/lang/String;Ljava/lang/String;)V+49
j  game.shaders.StenShader.<init>()V+5
j  game.scenes.noise.NoiseScene.start()V+25
j  cnge.core.Base.start(Lcnge/core/Scene;)V+29
j  game.Main.<init>()V+60
j  game.Main.main([Ljava/lang/String;)V+83
v  ~StubRoutines::call_stub

siginfo: EXCEPTION_ACCESS_VIOLATION (0xc0000005), reading address 0x0000000000000008


Register to memory mapping:

RIP=0x00007ff80584960c ig9icd64.dll
RAX=0x000001f47e82f0d8 is an unknown value
RBX=0x0000000000000001 is an unknown value
RCX=0x000001f47e82f0f0 is an unknown value
RDX=0x0000000000000001 is an unknown value
RSP=0x0000006c9fbfcb40 is pointing into the stack for thread: 0x000001f459cff800
RBP=0x000001f47b0daca8 is an unknown value
RSI=0x000001f47e86b790 is an unknown value
RDI=0x0000000000000000 is an unknown value
R8 =0x0000000000000003 is an unknown value
R9 =0x00007ff805847096 ig9icd64.dll
R10=0x0000000000000000 is an unknown value
R11=0x0000000000000000 is an unknown value
R12=0x00007ff805b886b0 ig9icd64.dll
R13=0x0000006c9fbfcdb0 is pointing into the stack for thread: 0x000001f459cff800
R14=0x0000000000000005 is an unknown value
R15=0x0000000000000000 is an unknown value


Registers:
RAX=0x000001f47e82f0d8, RBX=0x0000000000000001, RCX=0x000001f47e82f0f0, RDX=0x0000000000000001
RSP=0x0000006c9fbfcb40, RBP=0x000001f47b0daca8, RSI=0x000001f47e86b790, RDI=0x0000000000000000
R8 =0x0000000000000003, R9 =0x00007ff805847096, R10=0x0000000000000000, R11=0x0000000000000000
R12=0x00007ff805b886b0, R13=0x0000006c9fbfcdb0, R14=0x0000000000000005, R15=0x0000000000000000
RIP=0x00007ff80584960c, EFLAGS=0x0000000000010206

Top of Stack: (sp=0x0000006c9fbfcb40)
0x0000006c9fbfcb40:   000001f47b19bc60 0000000000000000
0x0000006c9fbfcb50:   0000000000000001 000001f47b0daca8
0x0000006c9fbfcb60:   0000000000000001 fffffffffffffffe
0x0000006c9fbfcb70:   0000006c9fbfcb88 0000006c9fbfcb98
0x0000006c9fbfcb80:   0000006c9fbfcc08 000001f47b0db438
0x0000006c9fbfcb90:   000001f47b0daca8 0000000000000009
0x0000006c9fbfcba0:   000001f47e91d290 0000000000000000
0x0000006c9fbfcbb0:   0000006c9fbfcbc8 0000006c9fbfcbd2
0x0000006c9fbfcbc0:   0000006c9fbfccc8 646f622e706f6f6c
0x0000006c9fbfcbd0:   0000006c9fbf3379 0000000000000000
0x0000006c9fbfcbe0:   000001f47b19bdb0 00007ff805693536
0x0000006c9fbfcbf0:   000001f47e86b7a0 00007ff80556bf98
0x0000006c9fbfcc00:   0000bc4646537c17 0000000000000001
0x0000006c9fbfcc10:   00007ff805b30640 0000000000000000
0x0000006c9fbfcc20:   00007ff805b30640 0000000000000000
0x0000006c9fbfcc30:   0000000000000000 0000000000000000 

Instructions: (pc=0x00007ff80584960c)
0x00007ff8058495ec:   ff ff 8b d3 48 8d 8c 24 70 01 00 00 e8 63 98 ff
0x00007ff8058495fc:   ff 48 8b 38 8b 54 24 20 48 8b 45 08 48 8b 48 10
0x00007ff80584960c:   48 8b 47 08 48 3b 01 74 19 48 3b 86 b8 00 00 00
0x00007ff80584961c:   41 0f 44 d6 4c 8b c7 48 8b ce e8 35 8a 00 00 48 



---------------  P R O C E S S  ---------------

Threads class SMR info:
_java_thread_list=0x000001f47e6cb370, length=13, elements={
0x000001f459cff800, 0x000001f479d79800, 0x000001f479d89000, 0x000001f479d93800,
0x000001f479d94000, 0x000001f479d9c000, 0x000001f479d9d000, 0x000001f479d9e800,
0x000001f47a791800, 0x000001f47a7a4800, 0x000001f47a967000, 0x000001f47a96f800,
0x000001f47b247800
}

Java Threads: ( => current thread )
=>0x000001f459cff800 JavaThread "main" [_thread_in_native, id=12132, stack(0x0000006c9fb00000,0x0000006c9fc00000)]
  0x000001f479d79800 JavaThread "Reference Handler" daemon [_thread_blocked, id=11940, stack(0x0000006ca1100000,0x0000006ca1200000)]
  0x000001f479d89000 JavaThread "Finalizer" daemon [_thread_blocked, id=2324, stack(0x0000006ca1200000,0x0000006ca1300000)]
  0x000001f479d93800 JavaThread "Signal Dispatcher" daemon [_thread_blocked, id=4048, stack(0x0000006ca1300000,0x0000006ca1400000)]
  0x000001f479d94000 JavaThread "Attach Listener" daemon [_thread_blocked, id=6828, stack(0x0000006ca1400000,0x0000006ca1500000)]
  0x000001f479d9c000 JavaThread "C2 CompilerThread0" daemon [_thread_blocked, id=11804, stack(0x0000006ca1500000,0x0000006ca1600000)]
  0x000001f479d9d000 JavaThread "C2 CompilerThread1" daemon [_thread_blocked, id=972, stack(0x0000006ca1600000,0x0000006ca1700000)]
  0x000001f479d9e800 JavaThread "C2 CompilerThread2" daemon [_thread_blocked, id=6700, stack(0x0000006ca1700000,0x0000006ca1800000)]
  0x000001f47a791800 JavaThread "C1 CompilerThread3" daemon [_thread_blocked, id=11652, stack(0x0000006ca1800000,0x0000006ca1900000)]
  0x000001f47a7a4800 JavaThread "Sweeper thread" daemon [_thread_blocked, id=10476, stack(0x0000006ca1900000,0x0000006ca1a00000)]
  0x000001f47a967000 JavaThread "Service Thread" daemon [_thread_blocked, id=4876, stack(0x0000006ca1a00000,0x0000006ca1b00000)]
  0x000001f47a96f800 JavaThread "Common-Cleaner" daemon [_thread_blocked, id=12628, stack(0x0000006ca1b00000,0x0000006ca1c00000)]
  0x000001f47b247800 JavaThread "Java2D Disposer" daemon [_thread_blocked, id=6184, stack(0x0000006ca2100000,0x0000006ca2200000)]

Other Threads:
  0x000001f479d76000 VMThread "VM Thread" [stack: 0x0000006ca1000000,0x0000006ca1100000] [id=12780]
  0x000001f47a972000 WatcherThread [stack: 0x0000006ca1c00000,0x0000006ca1d00000] [id=3008]
  0x000001f459d16800 GCTaskThread "GC Thread#0" [stack: 0x0000006c9fc00000,0x0000006c9fd00000] [id=5396]
  0x000001f459d1a000 GCTaskThread "GC Thread#1" [stack: 0x0000006c9fd00000,0x0000006c9fe00000] [id=13008]
  0x000001f459d1e800 GCTaskThread "GC Thread#2" [stack: 0x0000006c9fe00000,0x0000006c9ff00000] [id=13280]
  0x000001f459d20800 GCTaskThread "GC Thread#3" [stack: 0x0000006c9ff00000,0x0000006ca0000000] [id=12688]
  0x000001f459d26000 GCTaskThread "GC Thread#4" [stack: 0x0000006ca0000000,0x0000006ca0100000] [id=11052]
  0x000001f459d25000 GCTaskThread "GC Thread#5" [stack: 0x0000006ca0100000,0x0000006ca0200000] [id=9548]
  0x000001f459d28800 GCTaskThread "GC Thread#6" [stack: 0x0000006ca0200000,0x0000006ca0300000] [id=11736]
  0x000001f459d24000 GCTaskThread "GC Thread#7" [stack: 0x0000006ca0300000,0x0000006ca0400000] [id=12104]
  0x000001f459da4800 ConcurrentGCThread "G1 Main Marker" [stack: 0x0000006ca0400000,0x0000006ca0500000] [id=3988]
  0x000001f459d28000 ConcurrentGCThread "G1 Conc#0" [stack: 0x0000006ca0500000,0x0000006ca0600000] [id=4304]
  0x000001f459d29000 ConcurrentGCThread "G1 Conc#1" [stack: 0x0000006ca0600000,0x0000006ca0700000] [id=12640]
  0x000001f479bed800 ConcurrentGCThread "G1 Refine#0" [stack: 0x0000006ca0700000,0x0000006ca0800000] [id=7184]
  0x000001f479bee000 ConcurrentGCThread "G1 Refine#1" [stack: 0x0000006ca0800000,0x0000006ca0900000] [id=11992]
  0x000001f479bef000 ConcurrentGCThread "G1 Refine#2" [stack: 0x0000006ca0900000,0x0000006ca0a00000] [id=5400]
  0x000001f479bf2000 ConcurrentGCThread "G1 Refine#3" [stack: 0x0000006ca0a00000,0x0000006ca0b00000] [id=9432]
  0x000001f479bfb000 ConcurrentGCThread "G1 Refine#4" [stack: 0x0000006ca0b00000,0x0000006ca0c00000] [id=2152]
  0x000001f479bff000 ConcurrentGCThread "G1 Refine#5" [stack: 0x0000006ca0c00000,0x0000006ca0d00000] [id=8944]
  0x000001f479c02000 ConcurrentGCThread "G1 Refine#6" [stack: 0x0000006ca0d00000,0x0000006ca0e00000] [id=1980]
  0x000001f479c02800 ConcurrentGCThread "G1 Refine#7" [stack: 0x0000006ca0e00000,0x0000006ca0f00000] [id=7704]
  0x000001f479c0b000 ConcurrentGCThread "G1 Young RemSet Sampling" [stack: 0x0000006ca0f00000,0x0000006ca1000000] [id=1184]

Threads with active compile tasks:

VM state:not at safepoint (normal execution)

VM Mutex/Monitor currently owned by a thread: None

Heap address: 0x0000000081200000, size: 2030 MB, Compressed Oops mode: 32-bit
Narrow klass base: 0x0000000000000000, Narrow klass shift: 3
Compressed class space size: 1073741824 Address: 0x0000000100000000

Heap:
 garbage-first heap   total 131072K, used 41153K [0x0000000081200000, 0x0000000100000000)
  region size 1024K, 12 young (12288K), 3 survivors (3072K)
 Metaspace       used 13902K, capacity 14100K, committed 14336K, reserved 1062912K
  class space    used 1060K, capacity 1166K, committed 1280K, reserved 1048576K
Heap Regions: E=young(eden), S=young(survivor), O=old, HS=humongous(starts), HC=humongous(continues), CS=collection set, F=free, A=archive, TS=gc time stamp, AC=allocation context, TAMS=top-at-mark-start (previous, next)
|   0|0x0000000081200000, 0x0000000081300000, 0x0000000081300000|100%|HS|  |TS  0|AC  0|TAMS 0x0000000081200000, 0x0000000081200000|
|   1|0x0000000081300000, 0x0000000081400000, 0x0000000081400000|100%|HC|  |TS  0|AC  0|TAMS 0x0000000081300000, 0x0000000081300000|
|   2|0x0000000081400000, 0x0000000081500000, 0x0000000081500000|100%|HC|  |TS  0|AC  0|TAMS 0x0000000081400000, 0x0000000081400000|
|   3|0x0000000081500000, 0x0000000081600000, 0x0000000081600000|100%|HC|  |TS  0|AC  0|TAMS 0x0000000081500000, 0x0000000081500000|
|   4|0x0000000081600000, 0x0000000081700000, 0x0000000081700000|100%|HC|  |TS  0|AC  0|TAMS 0x0000000081600000, 0x0000000081600000|
|   5|0x0000000081700000, 0x0000000081800000, 0x0000000081800000|100%|HC|  |TS  0|AC  0|TAMS 0x0000000081700000, 0x0000000081700000|
|   6|0x0000000081800000, 0x0000000081900000, 0x0000000081900000|100%|HC|  |TS  0|AC  0|TAMS 0x0000000081800000, 0x0000000081800000|
|   7|0x0000000081900000, 0x0000000081a00000, 0x0000000081a00000|100%|HC|  |TS  0|AC  0|TAMS 0x0000000081900000, 0x0000000081900000|
|   8|0x0000000081a00000, 0x0000000081b00000, 0x0000000081b00000|100%|HC|  |TS  0|AC  0|TAMS 0x0000000081a00000, 0x0000000081a00000|
|   9|0x0000000081b00000, 0x0000000081c00000, 0x0000000081c00000|100%|HC|  |TS  0|AC  0|TAMS 0x0000000081b00000, 0x0000000081b00000|
|  10|0x0000000081c00000, 0x0000000081d00000, 0x0000000081d00000|100%|HC|  |TS  0|AC  0|TAMS 0x0000000081c00000, 0x0000000081c00000|
|  11|0x0000000081d00000, 0x0000000081e00000, 0x0000000081e00000|100%|HC|  |TS  0|AC  0|TAMS 0x0000000081d00000, 0x0000000081d00000|
|  12|0x0000000081e00000, 0x0000000081f00000, 0x0000000081f00000|100%|HC|  |TS  0|AC  0|TAMS 0x0000000081e00000, 0x0000000081e00000|
|  13|0x0000000081f00000, 0x0000000082000000, 0x0000000082000000|100%|HC|  |TS  0|AC  0|TAMS 0x0000000081f00000, 0x0000000081f00000|
|  14|0x0000000082000000, 0x0000000082100000, 0x0000000082100000|100%|HC|  |TS  0|AC  0|TAMS 0x0000000082000000, 0x0000000082000000|
|  15|0x0000000082100000, 0x0000000082200000, 0x0000000082200000|100%|HS|  |TS  0|AC  0|TAMS 0x0000000082100000, 0x0000000082100000|
|  16|0x0000000082200000, 0x0000000082300000, 0x0000000082300000|100%|HC|  |TS  0|AC  0|TAMS 0x0000000082200000, 0x0000000082200000|
|  17|0x0000000082300000, 0x0000000082400000, 0x0000000082400000|100%|HC|  |TS  0|AC  0|TAMS 0x0000000082300000, 0x0000000082300000|
|  18|0x0000000082400000, 0x0000000082500000, 0x0000000082500000|100%|HC|  |TS  0|AC  0|TAMS 0x0000000082400000, 0x0000000082400000|
|  19|0x0000000082500000, 0x0000000082600000, 0x0000000082600000|100%|HC|  |TS  0|AC  0|TAMS 0x0000000082500000, 0x0000000082500000|
|  20|0x0000000082600000, 0x0000000082700000, 0x0000000082700000|100%|HC|  |TS  0|AC  0|TAMS 0x0000000082600000, 0x0000000082600000|
|  21|0x0000000082700000, 0x0000000082800000, 0x0000000082800000|100%|HC|  |TS  0|AC  0|TAMS 0x0000000082700000, 0x0000000082700000|
|  22|0x0000000082800000, 0x0000000082900000, 0x0000000082900000|100%|HC|  |TS  0|AC  0|TAMS 0x0000000082800000, 0x0000000082800000|
|  23|0x0000000082900000, 0x0000000082a00000, 0x0000000082a00000|100%|HC|  |TS  0|AC  0|TAMS 0x0000000082900000, 0x0000000082900000|
|  24|0x0000000082a00000, 0x0000000082b00000, 0x0000000082b00000|100%|HC|  |TS  0|AC  0|TAMS 0x0000000082a00000, 0x0000000082a00000|
|  25|0x0000000082b00000, 0x0000000082c00000, 0x0000000082c00000|100%|HC|  |TS  0|AC  0|TAMS 0x0000000082b00000, 0x0000000082b00000|
|  26|0x0000000082c00000, 0x0000000082d00000, 0x0000000082d00000|100%|HC|  |TS  0|AC  0|TAMS 0x0000000082c00000, 0x0000000082c00000|
|  27|0x0000000082d00000, 0x0000000082e00000, 0x0000000082e00000|100%|HC|  |TS  0|AC  0|TAMS 0x0000000082d00000, 0x0000000082d00000|
|  28|0x0000000082e00000, 0x0000000082f00000, 0x0000000082f00000|100%|HC|  |TS  0|AC  0|TAMS 0x0000000082e00000, 0x0000000082e00000|
|  29|0x0000000082f00000, 0x0000000083000000, 0x0000000083000000|100%|HC|  |TS  0|AC  0|TAMS 0x0000000082f00000, 0x0000000082f00000|
|  30|0x0000000083000000, 0x0000000083000000, 0x0000000083100000|  0%| F|  |TS  0|AC  0|TAMS 0x0000000083000000, 0x0000000083000000|
|  31|0x0000000083100000, 0x0000000083100000, 0x0000000083200000|  0%| F|  |TS  0|AC  0|TAMS 0x0000000083100000, 0x0000000083100000|
|  32|0x0000000083200000, 0x0000000083200000, 0x0000000083300000|  0%| F|  |TS  0|AC  0|TAMS 0x0000000083200000, 0x0000000083200000|
|  33|0x0000000083300000, 0x0000000083300000, 0x0000000083400000|  0%| F|  |TS  0|AC  0|TAMS 0x0000000083300000, 0x0000000083300000|
|  34|0x0000000083400000, 0x0000000083400000, 0x0000000083500000|  0%| F|  |TS  0|AC  0|TAMS 0x0000000083400000, 0x0000000083400000|
|  35|0x0000000083500000, 0x0000000083500000, 0x0000000083600000|  0%| F|  |TS  0|AC  0|TAMS 0x0000000083500000, 0x0000000083500000|
|  36|0x0000000083600000, 0x0000000083600000, 0x0000000083700000|  0%| F|  |TS  0|AC  0|TAMS 0x0000000083600000, 0x0000000083600000|
|  37|0x0000000083700000, 0x0000000083700000, 0x0000000083800000|  0%| F|  |TS  0|AC  0|TAMS 0x0000000083700000, 0x0000000083700000|
|  38|0x0000000083800000, 0x0000000083800000, 0x0000000083900000|  0%| F|  |TS  0|AC  0|TAMS 0x0000000083800000, 0x0000000083800000|
|  39|0x0000000083900000, 0x0000000083900000, 0x0000000083a00000|  0%| F|  |TS  0|AC  0|TAMS 0x0000000083900000, 0x0000000083900000|
|  40|0x0000000083a00000, 0x0000000083a00000, 0x0000000083b00000|  0%| F|  |TS  0|AC  0|TAMS 0x0000000083a00000, 0x0000000083a00000|
|  41|0x0000000083b00000, 0x0000000083b00000, 0x0000000083c00000|  0%| F|  |TS  0|AC  0|TAMS 0x0000000083b00000, 0x0000000083b00000|
|  42|0x0000000083c00000, 0x0000000083c00000, 0x0000000083d00000|  0%| F|  |TS  0|AC  0|TAMS 0x0000000083c00000, 0x0000000083c00000|
|  43|0x0000000083d00000, 0x0000000083d00000, 0x0000000083e00000|  0%| F|  |TS  0|AC  0|TAMS 0x0000000083d00000, 0x0000000083d00000|
|  44|0x0000000083e00000, 0x0000000083e00000, 0x0000000083f00000|  0%| F|  |TS  0|AC  0|TAMS 0x0000000083e00000, 0x0000000083e00000|
|  45|0x0000000083f00000, 0x0000000083f00000, 0x0000000084000000|  0%| F|  |TS  0|AC  0|TAMS 0x0000000083f00000, 0x0000000083f00000|
|  46|0x0000000084000000, 0x0000000084000000, 0x0000000084100000|  0%| F|  |TS  0|AC  0|TAMS 0x0000000084000000, 0x0000000084000000|
|  47|0x0000000084100000, 0x0000000084100000, 0x0000000084200000|  0%| F|  |TS  0|AC  0|TAMS 0x0000000084100000, 0x0000000084100000|
|  48|0x0000000084200000, 0x0000000084200000, 0x0000000084300000|  0%| F|  |TS  0|AC  0|TAMS 0x0000000084200000, 0x0000000084200000|
|  49|0x0000000084300000, 0x0000000084300000, 0x0000000084400000|  0%| F|  |TS  0|AC  0|TAMS 0x0000000084300000, 0x0000000084300000|
|  50|0x0000000084400000, 0x0000000084400000, 0x0000000084500000|  0%| F|  |TS  0|AC  0|TAMS 0x0000000084400000, 0x0000000084400000|
|  51|0x0000000084500000, 0x0000000084500000, 0x0000000084600000|  0%| F|  |TS  0|AC  0|TAMS 0x0000000084500000, 0x0000000084500000|
|  52|0x0000000084600000, 0x0000000084600000, 0x0000000084700000|  0%| F|  |TS  0|AC  0|TAMS 0x0000000084600000, 0x0000000084600000|
|  53|0x0000000084700000, 0x0000000084700000, 0x0000000084800000|  0%| F|  |TS  0|AC  0|TAMS 0x0000000084700000, 0x0000000084700000|
|  54|0x0000000084800000, 0x0000000084800000, 0x0000000084900000|  0%| F|  |TS  0|AC  0|TAMS 0x0000000084800000, 0x0000000084800000|
|  55|0x0000000084900000, 0x0000000084900000, 0x0000000084a00000|  0%| F|  |TS  0|AC  0|TAMS 0x0000000084900000, 0x0000000084900000|
|  56|0x0000000084a00000, 0x0000000084a00000, 0x0000000084b00000|  0%| F|  |TS  0|AC  0|TAMS 0x0000000084a00000, 0x0000000084a00000|
|  57|0x0000000084b00000, 0x0000000084b00000, 0x0000000084c00000|  0%| F|  |TS  0|AC  0|TAMS 0x0000000084b00000, 0x0000000084b00000|
|  58|0x0000000084c00000, 0x0000000084c00000, 0x0000000084d00000|  0%| F|  |TS  0|AC  0|TAMS 0x0000000084c00000, 0x0000000084c00000|
|  59|0x0000000084d00000, 0x0000000084d00000, 0x0000000084e00000|  0%| F|  |TS  0|AC  0|TAMS 0x0000000084d00000, 0x0000000084d00000|
|  60|0x0000000084e00000, 0x0000000084e00000, 0x0000000084f00000|  0%| F|  |TS  0|AC  0|TAMS 0x0000000084e00000, 0x0000000084e00000|
|  61|0x0000000084f00000, 0x0000000084f00000, 0x0000000085000000|  0%| F|  |TS  0|AC  0|TAMS 0x0000000084f00000, 0x0000000084f00000|
|  62|0x0000000085000000, 0x0000000085000000, 0x0000000085100000|  0%| F|  |TS  0|AC  0|TAMS 0x0000000085000000, 0x0000000085000000|
|  63|0x0000000085100000, 0x0000000085100000, 0x0000000085200000|  0%| F|  |TS  0|AC  0|TAMS 0x0000000085100000, 0x0000000085100000|
|  64|0x0000000085200000, 0x0000000085200000, 0x0000000085300000|  0%| F|  |TS  0|AC  0|TAMS 0x0000000085200000, 0x0000000085200000|
|  65|0x0000000085300000, 0x0000000085300000, 0x0000000085400000|  0%| F|  |TS  0|AC  0|TAMS 0x0000000085300000, 0x0000000085300000|
|  66|0x0000000085400000, 0x0000000085400000, 0x0000000085500000|  0%| F|  |TS  0|AC  0|TAMS 0x0000000085400000, 0x0000000085400000|
|  67|0x0000000085500000, 0x0000000085500000, 0x0000000085600000|  0%| F|  |TS  0|AC  0|TAMS 0x0000000085500000, 0x0000000085500000|
|  68|0x0000000085600000, 0x0000000085600000, 0x0000000085700000|  0%| F|  |TS  0|AC  0|TAMS 0x0000000085600000, 0x0000000085600000|
|  69|0x0000000085700000, 0x0000000085700000, 0x0000000085800000|  0%| F|  |TS  0|AC  0|TAMS 0x0000000085700000, 0x0000000085700000|
|  70|0x0000000085800000, 0x0000000085800000, 0x0000000085900000|  0%| F|  |TS  0|AC  0|TAMS 0x0000000085800000, 0x0000000085800000|
|  71|0x0000000085900000, 0x0000000085900000, 0x0000000085a00000|  0%| F|  |TS  0|AC  0|TAMS 0x0000000085900000, 0x0000000085900000|
|  72|0x0000000085a00000, 0x0000000085a00000, 0x0000000085b00000|  0%| F|  |TS  0|AC  0|TAMS 0x0000000085a00000, 0x0000000085a00000|
|  73|0x0000000085b00000, 0x0000000085b00000, 0x0000000085c00000|  0%| F|  |TS  0|AC  0|TAMS 0x0000000085b00000, 0x0000000085b00000|
|  74|0x0000000085c00000, 0x0000000085c00000, 0x0000000085d00000|  0%| F|  |TS  0|AC  0|TAMS 0x0000000085c00000, 0x0000000085c00000|
|  75|0x0000000085d00000, 0x0000000085d00000, 0x0000000085e00000|  0%| F|  |TS  0|AC  0|TAMS 0x0000000085d00000, 0x0000000085d00000|
|  76|0x0000000085e00000, 0x0000000085e00000, 0x0000000085f00000|  0%| F|  |TS  0|AC  0|TAMS 0x0000000085e00000, 0x0000000085e00000|
|  77|0x0000000085f00000, 0x0000000085f00000, 0x0000000086000000|  0%| F|  |TS  0|AC  0|TAMS 0x0000000085f00000, 0x0000000085f00000|
|  78|0x0000000086000000, 0x0000000086000000, 0x0000000086100000|  0%| F|  |TS  0|AC  0|TAMS 0x0000000086000000, 0x0000000086000000|
|  79|0x0000000086100000, 0x0000000086100000, 0x0000000086200000|  0%| F|  |TS  0|AC  0|TAMS 0x0000000086100000, 0x0000000086100000|
|  80|0x0000000086200000, 0x0000000086200000, 0x0000000086300000|  0%| F|  |TS  0|AC  0|TAMS 0x0000000086200000, 0x0000000086200000|
|  81|0x0000000086300000, 0x0000000086300000, 0x0000000086400000|  0%| F|  |TS  0|AC  0|TAMS 0x0000000086300000, 0x0000000086300000|
|  82|0x0000000086400000, 0x0000000086400000, 0x0000000086500000|  0%| F|  |TS  0|AC  0|TAMS 0x0000000086400000, 0x0000000086400000|
|  83|0x0000000086500000, 0x0000000086500000, 0x0000000086600000|  0%| F|  |TS  0|AC  0|TAMS 0x0000000086500000, 0x0000000086500000|
|  84|0x0000000086600000, 0x0000000086600000, 0x0000000086700000|  0%| F|  |TS  0|AC  0|TAMS 0x0000000086600000, 0x0000000086600000|
|  85|0x0000000086700000, 0x0000000086700000, 0x0000000086800000|  0%| F|  |TS  0|AC  0|TAMS 0x0000000086700000, 0x0000000086700000|
|  86|0x0000000086800000, 0x0000000086800000, 0x0000000086900000|  0%| F|  |TS  0|AC  0|TAMS 0x0000000086800000, 0x0000000086800000|
|  87|0x0000000086900000, 0x0000000086900000, 0x0000000086a00000|  0%| F|  |TS  0|AC  0|TAMS 0x0000000086900000, 0x0000000086900000|
|  88|0x0000000086a00000, 0x0000000086a00000, 0x0000000086b00000|  0%| F|  |TS  0|AC  0|TAMS 0x0000000086a00000, 0x0000000086a00000|
|  89|0x0000000086b00000, 0x0000000086b00000, 0x0000000086c00000|  0%| F|  |TS  0|AC  0|TAMS 0x0000000086b00000, 0x0000000086b00000|
|  90|0x0000000086c00000, 0x0000000086c00000, 0x0000000086d00000|  0%| F|  |TS  0|AC  0|TAMS 0x0000000086c00000, 0x0000000086c00000|
|  91|0x0000000086d00000, 0x0000000086d00000, 0x0000000086e00000|  0%| F|  |TS  0|AC  0|TAMS 0x0000000086d00000, 0x0000000086d00000|
|  92|0x0000000086e00000, 0x0000000086e00000, 0x0000000086f00000|  0%| F|  |TS  0|AC  0|TAMS 0x0000000086e00000, 0x0000000086e00000|
|  93|0x0000000086f00000, 0x0000000086f00000, 0x0000000087000000|  0%| F|  |TS  0|AC  0|TAMS 0x0000000086f00000, 0x0000000086f00000|
|  94|0x0000000087000000, 0x0000000087000000, 0x0000000087100000|  0%| F|  |TS  0|AC  0|TAMS 0x0000000087000000, 0x0000000087000000|
|  95|0x0000000087100000, 0x0000000087100000, 0x0000000087200000|  0%| F|  |TS  0|AC  0|TAMS 0x0000000087100000, 0x0000000087100000|
|  96|0x0000000087200000, 0x0000000087200000, 0x0000000087300000|  0%| F|  |TS  0|AC  0|TAMS 0x0000000087200000, 0x0000000087200000|
|  97|0x0000000087300000, 0x0000000087300000, 0x0000000087400000|  0%| F|  |TS  0|AC  0|TAMS 0x0000000087300000, 0x0000000087300000|
|  98|0x0000000087400000, 0x0000000087400000, 0x0000000087500000|  0%| F|  |TS  0|AC  0|TAMS 0x0000000087400000, 0x0000000087400000|
|  99|0x0000000087500000, 0x0000000087500000, 0x0000000087600000|  0%| F|  |TS  0|AC  0|TAMS 0x0000000087500000, 0x0000000087500000|
| 100|0x0000000087600000, 0x0000000087600000, 0x0000000087700000|  0%| F|  |TS  0|AC  0|TAMS 0x0000000087600000, 0x0000000087600000|
| 101|0x0000000087700000, 0x00000000877307e0, 0x0000000087800000| 18%| S|CS|TS  1|AC  0|TAMS 0x0000000087700000, 0x0000000087700000|
| 102|0x0000000087800000, 0x0000000087900000, 0x0000000087900000|100%| S|CS|TS  1|AC  0|TAMS 0x0000000087800000, 0x0000000087800000|
| 103|0x0000000087900000, 0x0000000087a00000, 0x0000000087a00000|100%| S|CS|TS  1|AC  0|TAMS 0x0000000087900000, 0x0000000087900000|
| 104|0x0000000087a00000, 0x0000000087a00000, 0x0000000087b00000|  0%| F|  |TS  1|AC  0|TAMS 0x0000000087a00000, 0x0000000087a00000|
| 105|0x0000000087b00000, 0x0000000087b00000, 0x0000000087c00000|  0%| F|  |TS  1|AC  0|TAMS 0x0000000087b00000, 0x0000000087b00000|
| 106|0x0000000087c00000, 0x0000000087c00000, 0x0000000087d00000|  0%| F|  |TS  1|AC  0|TAMS 0x0000000087c00000, 0x0000000087c00000|
| 107|0x0000000087d00000, 0x0000000087d00000, 0x0000000087e00000|  0%| F|  |TS  1|AC  0|TAMS 0x0000000087d00000, 0x0000000087d00000|
| 108|0x0000000087e00000, 0x0000000087e00000, 0x0000000087f00000|  0%| F|  |TS  1|AC  0|TAMS 0x0000000087e00000, 0x0000000087e00000|
| 109|0x0000000087f00000, 0x0000000087f00000, 0x0000000088000000|  0%| F|  |TS  1|AC  0|TAMS 0x0000000087f00000, 0x0000000087f00000|
| 110|0x0000000088000000, 0x0000000088000000, 0x0000000088100000|  0%| F|  |TS  1|AC  0|TAMS 0x0000000088000000, 0x0000000088000000|
| 111|0x0000000088100000, 0x0000000088100000, 0x0000000088200000|  0%| F|  |TS  1|AC  0|TAMS 0x0000000088100000, 0x0000000088100000|
| 112|0x0000000088200000, 0x0000000088200000, 0x0000000088300000|  0%| F|  |TS  1|AC  0|TAMS 0x0000000088200000, 0x0000000088200000|
| 113|0x0000000088300000, 0x0000000088300000, 0x0000000088400000|  0%| F|  |TS  1|AC  0|TAMS 0x0000000088300000, 0x0000000088300000|
| 114|0x0000000088400000, 0x0000000088400000, 0x0000000088500000|  0%| F|  |TS  1|AC  0|TAMS 0x0000000088400000, 0x0000000088400000|
| 115|0x0000000088500000, 0x0000000088500000, 0x0000000088600000|  0%| F|  |TS  1|AC  0|TAMS 0x0000000088500000, 0x0000000088500000|
| 116|0x0000000088600000, 0x0000000088600000, 0x0000000088700000|  0%| F|  |TS  1|AC  0|TAMS 0x0000000088600000, 0x0000000088600000|
| 117|0x0000000088700000, 0x0000000088700000, 0x0000000088800000|  0%| F|  |TS  1|AC  0|TAMS 0x0000000088700000, 0x0000000088700000|
| 118|0x0000000088800000, 0x0000000088800000, 0x0000000088900000|  0%| F|  |TS  1|AC  0|TAMS 0x0000000088800000, 0x0000000088800000|
| 119|0x0000000088900000, 0x0000000088980800, 0x0000000088a00000| 50%| E|  |TS  1|AC  0|TAMS 0x0000000088900000, 0x0000000088900000|
| 120|0x0000000088a00000, 0x0000000088b00000, 0x0000000088b00000|100%| E|CS|TS  1|AC  0|TAMS 0x0000000088a00000, 0x0000000088a00000|
| 121|0x0000000088b00000, 0x0000000088c00000, 0x0000000088c00000|100%| E|CS|TS  1|AC  0|TAMS 0x0000000088b00000, 0x0000000088b00000|
| 122|0x0000000088c00000, 0x0000000088d00000, 0x0000000088d00000|100%| E|CS|TS  1|AC  0|TAMS 0x0000000088c00000, 0x0000000088c00000|
| 123|0x0000000088d00000, 0x0000000088e00000, 0x0000000088e00000|100%| E|CS|TS  1|AC  0|TAMS 0x0000000088d00000, 0x0000000088d00000|
| 124|0x0000000088e00000, 0x0000000088f00000, 0x0000000088f00000|100%| E|CS|TS  1|AC  0|TAMS 0x0000000088e00000, 0x0000000088e00000|
| 125|0x0000000088f00000, 0x0000000089000000, 0x0000000089000000|100%| E|CS|TS  1|AC  0|TAMS 0x0000000088f00000, 0x0000000088f00000|
| 126|0x0000000089000000, 0x0000000089100000, 0x0000000089100000|100%| E|CS|TS  1|AC  0|TAMS 0x0000000089000000, 0x0000000089000000|
| 127|0x0000000089100000, 0x0000000089200000, 0x0000000089200000|100%| E|CS|TS  1|AC  0|TAMS 0x0000000089100000, 0x0000000089100000|

Card table byte_map: [0x000001f472b20000,0x000001f472f20000] byte_map_base: 0x000001f472717000

Marking Bits (Prev, Next): (CMBitMap*) 0x000001f459da3f00, (CMBitMap*) 0x000001f459da3f38
 Prev Bits: [0x000001f473320000, 0x000001f4752d8000)
 Next Bits: [0x000001f4752e0000, 0x000001f477298000)

Polling page: 0x000001f459a70000

CodeHeap 'non-profiled nmethods': size=120000Kb used=351Kb max_used=351Kb free=119648Kb
 bounds [0x000001f46a780000, 0x000001f46a9f0000, 0x000001f471cb0000]
CodeHeap 'profiled nmethods': size=120000Kb used=1917Kb max_used=1917Kb free=118082Kb
 bounds [0x000001f463250000, 0x000001f4634c0000, 0x000001f46a780000]
CodeHeap 'non-nmethods': size=5760Kb used=1453Kb max_used=1466Kb free=4306Kb
 bounds [0x000001f462cb0000, 0x000001f462f20000, 0x000001f463250000]
 total_blobs=2268 nmethods=1074 adapters=883
 compilation: enabled

Compilation events (10 events):
Event: 1.142 Thread 0x000001f47a791800 1070       3       jdk.internal.loader.ClassLoaders$AppClassLoader::loadClass (40 bytes)
Event: 1.143 Thread 0x000001f47a791800 nmethod 1070 0x000001f46342db90 code [0x000001f46342de00, 0x000001f46342e700]
Event: 1.143 Thread 0x000001f47a791800 1072       3       java.util.concurrent.ConcurrentHashMap$Node::<init> (14 bytes)
Event: 1.143 Thread 0x000001f47a791800 nmethod 1072 0x000001f46342ea90 code [0x000001f46342ec60, 0x000001f46342ef98]
Event: 1.143 Thread 0x000001f47a791800 1073       1       java.lang.invoke.MethodHandles$Lookup::lookupClass (5 bytes)
Event: 1.143 Thread 0x000001f47a791800 nmethod 1073 0x000001f46a7d7510 code [0x000001f46a7d76c0, 0x000001f46a7d77d8]
Event: 1.144 Thread 0x000001f47a791800 1074       1       sun.nio.cs.SingleByte$Decoder::decode (11 bytes)
Event: 1.144 Thread 0x000001f47a791800 nmethod 1074 0x000001f46a7d7890 code [0x000001f46a7d7a40, 0x000001f46a7d7b98]
Event: 1.144 Thread 0x000001f47a791800 1075       3       java.io.BufferedReader::readLine (6 bytes)
Event: 1.144 Thread 0x000001f47a791800 nmethod 1075 0x000001f46342f090 code [0x000001f46342f240, 0x000001f46342f3f0]

GC Heap History (2 events):
Event: 0.695 GC heap before
{Heap before GC invocations=0 (full 0):
 garbage-first heap   total 131072K, used 39936K [0x0000000081200000, 0x0000000100000000)
  region size 1024K, 24 young (24576K), 0 survivors (0K)
 Metaspace       used 11582K, capacity 11774K, committed 11904K, reserved 1060864K
  class space    used 946K, capacity 1030K, committed 1152K, reserved 1048576K
}
Event: 0.697 GC heap after
{Heap after GC invocations=1 (full 0):
 garbage-first heap   total 131072K, used 17601K [0x0000000081200000, 0x0000000100000000)
  region size 1024K, 3 young (3072K), 3 survivors (3072K)
 Metaspace       used 11582K, capacity 11774K, committed 11904K, reserved 1060864K
  class space    used 946K, capacity 1030K, committed 1152K, reserved 1048576K
}

Deoptimization events (5 events):
Event: 0.075 Thread 0x000001f459cff800 Uncommon trap: reason=unstable_if action=reinterpret pc=0x000001f46a7854f0 method=java.lang.String.hashCode()I @ 14 c2
Event: 0.633 Thread 0x000001f459cff800 Uncommon trap: reason=unstable_if action=reinterpret pc=0x000001f46a7c2238 method=com.sun.imageio.plugins.png.PNGImageReader.paethPredictor(III)I @ 41 c2
Event: 0.633 Thread 0x000001f459cff800 Uncommon trap: reason=unstable_if action=reinterpret pc=0x000001f46a7c1f4c method=java.lang.Math.abs(I)I @ 1 c2
Event: 0.866 Thread 0x000001f459cff800 Uncommon trap: reason=unstable_if action=reinterpret pc=0x000001f46a7cf378 method=cnge.graphics.Window.makeGLFWImage(Ljava/lang/String;)Lorg/lwjgl/glfw/GLFWImage; @ 152 c2
Event: 1.091 Thread 0x000001f459cff800 Uncommon trap: reason=unstable_if action=reinterpret pc=0x000001f46a79837c method=java.nio.Buffer.hasRemaining()Z @ 8 c2

Classes redefined (0 events):
No events

Internal exceptions (10 events):
Event: 0.581 Thread 0x000001f459cff800 Exception <a 'java/lang/NoSuchMethodError'{0x00000000885f01a8}: java.lang.invoke.DirectMethodHandle$Holder.invokeSpecial(Ljava/lang/Object;Ljava/lang/Object;IILjava/lang/Object;Ljava/lang/Object;Ljava/lang/Object;)Ljava/lang/Object;> (0x00000000885f01a8) 
Event: 0.581 Thread 0x000001f459cff800 Exception <a 'java/lang/NoSuchMethodError'{0x00000000885f38b8}: java.lang.invoke.DelegatingMethodHandle$Holder.reinvoke_L(Ljava/lang/Object;IILjava/lang/Object;Ljava/lang/Object;Ljava/lang/Object;)Ljava/lang/Object;> (0x00000000885f38b8) thrown at [t:/wor
Event: 0.583 Thread 0x000001f459cff800 Exception <a 'java/lang/NoSuchMethodError'{0x00000000885f8018}: java.lang.invoke.DirectMethodHandle$Holder.invokeStatic(Ljava/lang/Object;Ljava/lang/Object;Ljava/lang/Object;Ljava/lang/Object;I)Ljava/lang/Object;> (0x00000000885f8018) thrown at [t:/worksp
Event: 0.585 Thread 0x000001f459cff800 Exception <a 'java/lang/NoSuchMethodError'{0x000000008840f918}: method resolution failed> (0x000000008840f918) thrown at [t:/workspace/open/src/hotspot/share/prims/methodHandles.cpp, line 1226]
Event: 0.587 Thread 0x000001f459cff800 Exception <a 'java/lang/NoSuchMethodError'{0x0000000088425ce8}: method resolution failed> (0x0000000088425ce8) thrown at [t:/workspace/open/src/hotspot/share/prims/methodHandles.cpp, line 1226]
Event: 0.589 Thread 0x000001f459cff800 Exception <a 'java/lang/NoSuchMethodError'{0x000000008843da88}: method resolution failed> (0x000000008843da88) thrown at [t:/workspace/open/src/hotspot/share/prims/methodHandles.cpp, line 1226]
Event: 0.591 Thread 0x000001f459cff800 Exception <a 'java/lang/NoSuchMethodError'{0x0000000088457320}: method resolution failed> (0x0000000088457320) thrown at [t:/workspace/open/src/hotspot/share/prims/methodHandles.cpp, line 1226]
Event: 0.592 Thread 0x000001f459cff800 Exception <a 'java/io/FileNotFoundException'{0x0000000088460c20}> (0x0000000088460c20) thrown at [t:/workspace/open/src/hotspot/share/prims/jni.cpp, line 611]
Event: 1.137 Thread 0x000001f459cff800 Exception <a 'java/lang/NoSuchMethodError'{0x0000000088ae5b18}: java.lang.Object.lambda$negate$3(I)Z> (0x0000000088ae5b18) thrown at [t:/workspace/open/src/hotspot/share/interpreter/linkResolver.cpp, line 741]
Event: 1.142 Thread 0x000001f459cff800 Exception <a 'java/lang/NoSuchMethodError'{0x00000000889650f0}: method resolution failed> (0x00000000889650f0) thrown at [t:/workspace/open/src/hotspot/share/prims/methodHandles.cpp, line 1226]

Events (10 events):
Event: 1.141 loading class org/lwjgl/openal/SOFTSourceLatency
Event: 1.141 loading class org/lwjgl/openal/SOFTSourceLatency done
Event: 1.141 loading class org/lwjgl/openal/SOFTSourceResampler
Event: 1.141 loading class org/lwjgl/openal/SOFTSourceResampler done
Event: 1.142 loading class cnge/core/Base
Event: 1.142 loading class cnge/core/Base done
Event: 1.142 loading class cnge/core/Resizer
Event: 1.142 loading class cnge/core/Resizer done
Event: 1.143 loading class game/shaders/StenShader
Event: 1.143 loading class game/shaders/StenShader done


Dynamic libraries:
0x00007ff7f8510000 - 0x00007ff7f854e000 	C:\Program Files\Java\jre-10.0.2\bin\javaw.exe
0x00007ff846c90000 - 0x00007ff846e71000 	C:\WINDOWS\SYSTEM32\ntdll.dll
0x00007ff845de0000 - 0x00007ff845e92000 	C:\WINDOWS\System32\KERNEL32.DLL
0x00007ff843bb0000 - 0x00007ff843e23000 	C:\WINDOWS\System32\KERNELBASE.dll
0x00007ff8459a0000 - 0x00007ff845a41000 	C:\WINDOWS\System32\ADVAPI32.dll
0x00007ff844230000 - 0x00007ff8442ce000 	C:\WINDOWS\System32\msvcrt.dll
0x00007ff846240000 - 0x00007ff84629b000 	C:\WINDOWS\System32\sechost.dll
0x00007ff845870000 - 0x00007ff845994000 	C:\WINDOWS\System32\RPCRT4.dll
0x00007ff846680000 - 0x00007ff846810000 	C:\WINDOWS\System32\USER32.dll
0x00007ff843b90000 - 0x00007ff843bb0000 	C:\WINDOWS\System32\win32u.dll
0x00007ff8462a0000 - 0x00007ff8462c8000 	C:\WINDOWS\System32\GDI32.dll
0x00007ff843f80000 - 0x00007ff844112000 	C:\WINDOWS\System32\gdi32full.dll
0x00007ff843900000 - 0x00007ff84399f000 	C:\WINDOWS\System32\msvcp_win.dll
0x00007ff843e30000 - 0x00007ff843f2a000 	C:\WINDOWS\System32\ucrtbase.dll
0x00007ff827ee0000 - 0x00007ff828149000 	C:\WINDOWS\WinSxS\amd64_microsoft.windows.common-controls_6595b64144ccf1df_6.0.17134.407_none_fb449d63306391e9\COMCTL32.dll
0x00007ff83d930000 - 0x00007ff83d93a000 	C:\WINDOWS\SYSTEM32\VERSION.dll
0x00007ff8462d0000 - 0x00007ff8465f2000 	C:\WINDOWS\System32\combase.dll
0x00007ff843820000 - 0x00007ff84389a000 	C:\WINDOWS\System32\bcryptPrimitives.dll
0x00007ff845ca0000 - 0x00007ff845ccd000 	C:\WINDOWS\System32\IMM32.DLL
0x00007ff837570000 - 0x00007ff83765f000 	C:\Program Files\Java\jre-10.0.2\bin\msvcr120.dll
0x00007ff834cc0000 - 0x00007ff834d66000 	C:\Program Files\Java\jre-10.0.2\bin\msvcp120.dll
0x0000000070390000 - 0x0000000070e00000 	C:\Program Files\Java\jre-10.0.2\bin\server\jvm.dll
0x00007ff8442d0000 - 0x00007ff8442d8000 	C:\WINDOWS\System32\PSAPI.DLL
0x00007ff8331f0000 - 0x00007ff8331f9000 	C:\WINDOWS\SYSTEM32\WSOCK32.dll
0x00007ff841130000 - 0x00007ff841153000 	C:\WINDOWS\SYSTEM32\WINMM.dll
0x00007ff845d50000 - 0x00007ff845dbc000 	C:\WINDOWS\System32\WS2_32.dll
0x00007ff841000000 - 0x00007ff84102a000 	C:\WINDOWS\SYSTEM32\winmmbase.dll
0x00007ff843f30000 - 0x00007ff843f79000 	C:\WINDOWS\System32\cfgmgr32.dll
0x00007ff8411b0000 - 0x00007ff8411bf000 	C:\Program Files\Java\jre-10.0.2\bin\verify.dll
0x00007ff82fc00000 - 0x00007ff82fdc9000 	C:\WINDOWS\SYSTEM32\DBGHELP.DLL
0x00007ff82fbd0000 - 0x00007ff82fbf9000 	C:\WINDOWS\SYSTEM32\dbgcore.DLL
0x00007ff8376f0000 - 0x00007ff837717000 	C:\Program Files\Java\jre-10.0.2\bin\java.dll
0x00007ff837b10000 - 0x00007ff837b26000 	C:\Program Files\Java\jre-10.0.2\bin\zip.dll
0x00007ff8376e0000 - 0x00007ff8376ea000 	C:\Program Files\Java\jre-10.0.2\bin\jimage.dll
0x00007ff8443d0000 - 0x00007ff84580f000 	C:\WINDOWS\System32\SHELL32.dll
0x00007ff844120000 - 0x00007ff8441c9000 	C:\WINDOWS\System32\shcore.dll
0x00007ff843060000 - 0x00007ff84376d000 	C:\WINDOWS\System32\windows.storage.dll
0x00007ff845810000 - 0x00007ff845861000 	C:\WINDOWS\System32\shlwapi.dll
0x00007ff843020000 - 0x00007ff843031000 	C:\WINDOWS\System32\kernel.appcore.dll
0x00007ff843040000 - 0x00007ff84305f000 	C:\WINDOWS\System32\profapi.dll
0x00007ff842fa0000 - 0x00007ff842fec000 	C:\WINDOWS\System32\powrprof.dll
0x00007ff843010000 - 0x00007ff84301a000 	C:\WINDOWS\System32\FLTLIB.DLL
0x00007ff837680000 - 0x00007ff83769a000 	C:\Program Files\Java\jre-10.0.2\bin\net.dll
0x00007ff838e40000 - 0x00007ff838f1c000 	C:\WINDOWS\SYSTEM32\WINHTTP.dll
0x00007ff8427c0000 - 0x00007ff842826000 	C:\WINDOWS\system32\mswsock.dll
0x00007ff837550000 - 0x00007ff837561000 	C:\Program Files\Java\jre-10.0.2\bin\nio.dll
0x00007ffffb5a0000 - 0x00007ffffb600000 	C:\Users\Emmett\AppData\Local\Temp\lwjglEmmett\3.2.1-build-3\lwjgl.dll
0x00007fffe72f0000 - 0x00007fffe734e000 	C:\Users\Emmett\AppData\Local\Temp\lwjglEmmett\3.2.1-build-3\glfw.dll
0x00007ff841570000 - 0x00007ff841608000 	C:\WINDOWS\system32\uxtheme.dll
0x00007ff809160000 - 0x00007ff8091a3000 	C:\WINDOWS\SYSTEM32\dinput8.dll
0x00007ff83fa90000 - 0x00007ff83faa0000 	C:\WINDOWS\SYSTEM32\xinput1_4.dll
0x00007ff842d50000 - 0x00007ff842d77000 	C:\WINDOWS\SYSTEM32\DEVOBJ.dll
0x00007ff841650000 - 0x00007ff841679000 	C:\WINDOWS\SYSTEM32\dwmapi.dll
0x00007ff836f70000 - 0x00007ff836fe9000 	C:\WINDOWS\SYSTEM32\inputhost.dll
0x00007ff840f20000 - 0x00007ff840ffa000 	C:\WINDOWS\SYSTEM32\CoreMessaging.dll
0x00007ff83f080000 - 0x00007ff83f1cd000 	C:\WINDOWS\SYSTEM32\wintypes.dll
0x00007ff83dd40000 - 0x00007ff83e05e000 	C:\WINDOWS\SYSTEM32\CoreUIComponents.dll
0x00007ff842090000 - 0x00007ff8420c1000 	C:\WINDOWS\SYSTEM32\ntmarta.dll
0x00007ff845a50000 - 0x00007ff845bc3000 	C:\WINDOWS\System32\MSCTF.dll
0x00007ff845bd0000 - 0x00007ff845c92000 	C:\WINDOWS\System32\OLEAUT32.dll
0x00007ff841cb0000 - 0x00007ff841cbc000 	C:\WINDOWS\SYSTEM32\HID.DLL
0x00007ff846810000 - 0x00007ff846c5b000 	C:\WINDOWS\System32\SETUPAPI.DLL
0x00007ff8438a0000 - 0x00007ff8438f7000 	C:\WINDOWS\System32\WINTRUST.dll
0x00007ff842ff0000 - 0x00007ff843002000 	C:\WINDOWS\System32\MSASN1.dll
0x00007ff8439a0000 - 0x00007ff843b82000 	C:\WINDOWS\System32\CRYPT32.dll
0x00007ff81db20000 - 0x00007ff81dc40000 	C:\WINDOWS\SYSTEM32\opengl32.dll
0x00007ff81dab0000 - 0x00007ff81dadc000 	C:\WINDOWS\SYSTEM32\GLU32.dll
0x00007ff804fb0000 - 0x00007ff805ec0000 	C:\WINDOWS\System32\DriverStore\FileRepository\igdlh64.inf_amd64_66011d60fecdb7a1\ig9icd64.dll
0x00007ff83f9b0000 - 0x00007ff83f9c3000 	C:\WINDOWS\SYSTEM32\WTSAPI32.dll
0x00007ff841d60000 - 0x00007ff841e1b000 	C:\WINDOWS\SYSTEM32\dxgi.dll
0x00007ff8397c0000 - 0x00007ff83adcc000 	C:\WINDOWS\System32\DriverStore\FileRepository\igdlh64.inf_amd64_66011d60fecdb7a1\igc64.dll
0x00007ff836ed0000 - 0x00007ff836f66000 	C:\WINDOWS\System32\TextInputFramework.dll
0x00007fffe5d40000 - 0x00007fffe5d9a000 	C:\Users\Emmett\AppData\Local\Temp\lwjglEmmett\3.2.1-build-3\lwjgl_opengl.dll
0x00007fffe5950000 - 0x00007fffe5aeb000 	C:\Program Files\Java\jre-10.0.2\bin\awt.dll
0x00007ff840470000 - 0x00007ff840a37000 	C:\WINDOWS\SYSTEM32\d2d1.dll
0x00007ff841270000 - 0x00007ff8412fb000 	C:\WINDOWS\SYSTEM32\apphelp.dll
0x00007ff823550000 - 0x00007ff8235f8000 	C:\WINDOWS\SYSTEM32\mscms.dll
0x00007ff842ea0000 - 0x00007ff842ec8000 	C:\WINDOWS\SYSTEM32\USERENV.dll
0x00007ff81c190000 - 0x00007ff81c1a0000 	C:\WINDOWS\SYSTEM32\ColorAdapterClient.dll
0x00007ff832070000 - 0x00007ff8320b3000 	C:\WINDOWS\SYSTEM32\icm32.dll
0x00007fffe5830000 - 0x00007fffe5944000 	C:\Users\Emmett\AppData\Local\Temp\lwjglEmmett\3.2.1-build-3\OpenAL.dll
0x00007ff846040000 - 0x00007ff846191000 	C:\WINDOWS\System32\ole32.dll
0x00007ff8461a0000 - 0x00007ff846240000 	C:\WINDOWS\System32\clbcatq.dll
0x00007ff83b640000 - 0x00007ff83b6b6000 	C:\WINDOWS\System32\MMDevApi.dll
0x00007ff83f750000 - 0x00007ff83f904000 	C:\WINDOWS\System32\PROPSYS.dll
0x00007ff8269e0000 - 0x00007ff826b0c000 	C:\WINDOWS\SYSTEM32\AUDIOSES.DLL
0x00007ff83e450000 - 0x00007ff83e45a000 	C:\WINDOWS\SYSTEM32\AVRT.dll

dbghelp: loaded successfully - version: 4.0.5 - missing functions: none
symbol engine: initialized successfully - sym options: 0x614 - pdb path: .;C:\Program Files\Java\jre-10.0.2\bin;C:\WINDOWS\SYSTEM32;C:\WINDOWS\WinSxS\amd64_microsoft.windows.common-controls_6595b64144ccf1df_6.0.17134.407_none_fb449d63306391e9;C:\Program Files\Java\jre-10.0.2\bin\server;C:\Users\Emmett\AppData\Local\Temp\lwjglEmmett\3.2.1-build-3;C:\WINDOWS\System32\DriverStore\FileRepository\igdlh64.inf_amd64_66011d60fecdb7a1

VM Arguments:
jvm_args: -Dfile.encoding=Cp1252 
java_command: game.Main
java_class_path (initial): C:\Users\Emmett\git\CNGE-java\bin;C:\Users\Emmett\git\CNGE-java\ref\lwjgl\windows\lwjgl-glfw-natives-windows.jar;C:\Users\Emmett\git\CNGE-java\ref\lwjgl\windows\lwjgl-natives-windows.jar;C:\Users\Emmett\git\CNGE-java\ref\lwjgl\windows\lwjgl-openal-natives-windows.jar;C:\Users\Emmett\git\CNGE-java\ref\lwjgl\windows\lwjgl-opengl-natives-windows.jar;C:\Users\Emmett\git\CNGE-java\ref\lwjgl\windows\lwjgl-stb-natives-windows.jar;C:\Users\Emmett\git\CNGE-java\ref\lwjgl\joml-1.9.11.jar;C:\Users\Emmett\git\CNGE-java\ref\lwjgl\lwjgl-glfw.jar;C:\Users\Emmett\git\CNGE-java\ref\lwjgl\lwjgl-openal.jar;C:\Users\Emmett\git\CNGE-java\ref\lwjgl\lwjgl-opengl.jar;C:\Users\Emmett\git\CNGE-java\ref\lwjgl\lwjgl-stb.jar;C:\Users\Emmett\git\CNGE-java\ref\lwjgl\lwjgl.jar
Launcher Type: SUN_STANDARD

Logging:
Log output configuration:
#0: stdout all=warning uptime,level,tags
#1: stderr all=off uptime,level,tags

Environment Variables:
PATH=C:\Program Files (x86)\Common Files\Oracle\Java\javapath;C:\Program Files (x86)\Intel\iCLS Client\;C:\ProgramData\Oracle\Java\javapath;C:\Program Files\Intel\iCLS Client\;C:\Windows\system32;C:\Windows;C:\Windows\System32\Wbem;C:\Windows\System32\WindowsPowerShell\v1.0\;C:\Program Files (x86)\NVIDIA Corporation\PhysX\Common;C:\Program Files\Intel\WiFi\bin\;C:\Program Files\Common Files\Intel\WirelessCommon\;C:\WINDOWS\system32;C:\WINDOWS;C:\WINDOWS\System32\Wbem;C:\WINDOWS\System32\WindowsPowerShell\v1.0\;C:\Program Files (x86)\GtkSharp\2.12\bin;C:\WINDOWS\system32;C:\WINDOWS;C:\WINDOWS\System32\Wbem;C:\WINDOWS\System32\WindowsPowerShell\v1.0\;C:\Program Files (x86)\Intel\Intel(R) Management Engine Components\DAL;C:\Program Files\Intel\Intel(R) Management Engine Components\DAL;C:\Program Files (x86)\Intel\Intel(R) Management Engine Components\IPT;C:\Program Files\Intel\Intel(R) Management Engine Components\IPT;C:\WINDOWS\System32\OpenSSH\;C:\Users\Emmett\AppData\Local\Microsoft\WindowsApps;
USERNAME=Emmett
OS=Windows_NT
PROCESSOR_IDENTIFIER=Intel64 Family 6 Model 158 Stepping 9, GenuineIntel



---------------  S Y S T E M  ---------------

OS: Windows 10 , 64 bit Build 17134 (10.0.17134.1)

CPU:total 8 (initial active 8) (4 cores per cpu, 2 threads per core) family 6 model 158 stepping 9, cmov, cx8, fxsr, mmx, sse, sse2, sse3, ssse3, sse4.1, sse4.2, popcnt, avx, avx2, aes, clmul, erms, 3dnowpref, lzcnt, ht, tsc, tscinvbit, bmi1, bmi2, adx, fma

Memory: 4k page, physical 8306804k(4280428k free), swap 12107892k(6788448k free)

vm_info: Java HotSpot(TM) 64-Bit Server VM (10.0.2+13) for windows-amd64 JRE (10.0.2+13), built on Jun 28 2018 01:57:56 by "mach5one" with MS VC++ 12.0 (VS2013)

END.
