#
# A fatal error has been detected by the Java Runtime Environment:
#
#  EXCEPTION_ACCESS_VIOLATION (0xc0000005) at pc=0x00007ffb8793960c, pid=6588, tid=5212
#
# JRE version: Java(TM) SE Runtime Environment (10.0.2+13) (build 10.0.2+13)
# Java VM: Java HotSpot(TM) 64-Bit Server VM (10.0.2+13, mixed mode, tiered, compressed oops, g1 gc, windows-amd64)
# Problematic frame:
# C  [ig9icd64.dll+0x89960c]
#
# No core dump will be written. Minidumps are not enabled by default on client versions of Windows
#
# If you would like to submit a bug report, please visit:
#   http://bugreport.java.com/bugreport/crash.jsp
# The crash happened outside the Java Virtual Machine in native code.
# See problematic frame for where to report the bug.
#

---------------  S U M M A R Y ------------

Command Line: -Dfile.encoding=Cp1252 game.Main

Host: Intel(R) Core(TM) i7-7700HQ CPU @ 2.80GHz, 8 cores, 7G,  Windows 10 , 64 bit Build 17134 (10.0.17134.1)
Time: Mon Nov 26 10:33:52 2018 Pacific Standard Time elapsed time: 1 seconds (0d 0h 0m 1s)

---------------  T H R E A D  ---------------

Current thread (0x000001cdbe87f000):  JavaThread "main" [_thread_in_native, id=5212, stack(0x0000006b61000000,0x0000006b61100000)]

Stack: [0x0000006b61000000,0x0000006b61100000],  sp=0x0000006b610fcdb0,  free space=1011k
Native frames: (J=compiled Java code, j=interpreted, Vv=VM code, C=native code)
C  [ig9icd64.dll+0x89960c]

Java frames: (J=compiled Java code, j=interpreted, Vv=VM code)
j  org.lwjgl.opengl.GL20C.glLinkProgram(I)V+0
j  org.lwjgl.opengl.GL20.glLinkProgram(I)V+1
j  cnge.graphics.Shader.<init>(Ljava/lang/String;Ljava/lang/String;)V+49
j  game.shaders.StenShader.<init>()V+5
j  game.scenes.noise.NoiseScene.start()V+25
j  cnge.core.Base.start(Lcnge/core/Scene;)V+29
j  game.Main.<init>()V+62
j  game.Main.main([Ljava/lang/String;)V+83
v  ~StubRoutines::call_stub

siginfo: EXCEPTION_ACCESS_VIOLATION (0xc0000005), reading address 0x0000000000000008


Register to memory mapping:

RIP=0x00007ffb8793960c ig9icd64.dll
RAX=0x000001cdddb02328 is an unknown value
RBX=0x0000000000000001 is an unknown value
RCX=0x000001cdddb02340 is an unknown value
RDX=0x0000000000000001 is an unknown value
RSP=0x0000006b610fcdb0 is pointing into the stack for thread: 0x000001cdbe87f000
RBP=0x000001cdddd175a8 is an unknown value
RSI=0x000001cde72b6930 is an unknown value
RDI=0x0000000000000000 is an unknown value
R8 =0x0000000000000003 is an unknown value
R9 =0x00007ffb87937096 ig9icd64.dll
R10=0x0000000000000000 is an unknown value
R11=0x0000000000000000 is an unknown value
R12=0x00007ffb87c786b0 ig9icd64.dll
R13=0x0000006b610fd020 is pointing into the stack for thread: 0x000001cdbe87f000
R14=0x0000000000000005 is an unknown value
R15=0x0000000000000000 is an unknown value


Registers:
RAX=0x000001cdddb02328, RBX=0x0000000000000001, RCX=0x000001cdddb02340, RDX=0x0000000000000001
RSP=0x0000006b610fcdb0, RBP=0x000001cdddd175a8, RSI=0x000001cde72b6930, RDI=0x0000000000000000
R8 =0x0000000000000003, R9 =0x00007ffb87937096, R10=0x0000000000000000, R11=0x0000000000000000
R12=0x00007ffb87c786b0, R13=0x0000006b610fd020, R14=0x0000000000000005, R15=0x0000000000000000
RIP=0x00007ffb8793960c, EFLAGS=0x0000000000010206

Top of Stack: (sp=0x0000006b610fcdb0)
0x0000006b610fcdb0:   000001cddde77740 0000000000000000
0x0000006b610fcdc0:   0000000000000001 000001cdddd175a8
0x0000006b610fcdd0:   0000000000000001 fffffffffffffffe
0x0000006b610fcde0:   0000006b610fcdf8 0000006b610fce08
0x0000006b610fcdf0:   0000006b610fce78 000001cdddd17448
0x0000006b610fce00:   000001cdddd175a8 0000000000000009
0x0000006b610fce10:   000001cde7228720 00000100e726d820
0x0000006b610fce20:   0000006b610fce38 0000006b610fce42
0x0000006b610fce30:   0000006b610fcf38 646f622e706f6f6c
0x0000006b610fce40:   0000006b610f3379 0000000000000000
0x0000006b610fce50:   000001cddde77c10 00007ffb87783536
0x0000006b610fce60:   000001cde72b6940 00007ffb8765bf98
0x0000006b610fce70:   00007e060c8976d3 0000000000000001
0x0000006b610fce80:   00007ffb87c20640 0000000000000000
0x0000006b610fce90:   00007ffb87c20640 0000000000000000
0x0000006b610fcea0:   0000000000000000 0000000000000000 

Instructions: (pc=0x00007ffb8793960c)
0x00007ffb879395ec:   ff ff 8b d3 48 8d 8c 24 70 01 00 00 e8 63 98 ff
0x00007ffb879395fc:   ff 48 8b 38 8b 54 24 20 48 8b 45 08 48 8b 48 10
0x00007ffb8793960c:   48 8b 47 08 48 3b 01 74 19 48 3b 86 b8 00 00 00
0x00007ffb8793961c:   41 0f 44 d6 4c 8b c7 48 8b ce e8 35 8a 00 00 48 



---------------  P R O C E S S  ---------------

Threads class SMR info:
_java_thread_list=0x000001cde70574a0, length=13, elements={
0x000001cdbe87f000, 0x000001cddc950800, 0x000001cddc967800, 0x000001cddc96e000,
0x000001cddd264800, 0x000001cddd267000, 0x000001cddd26e000, 0x000001cddd26f000,
0x000001cddd274000, 0x000001cddd29e800, 0x000001cddd449800, 0x000001cddd452000,
0x000001cddde84000
}

Java Threads: ( => current thread )
=>0x000001cdbe87f000 JavaThread "main" [_thread_in_native, id=5212, stack(0x0000006b61000000,0x0000006b61100000)]
  0x000001cddc950800 JavaThread "Reference Handler" daemon [_thread_blocked, id=840, stack(0x0000006b62600000,0x0000006b62700000)]
  0x000001cddc967800 JavaThread "Finalizer" daemon [_thread_blocked, id=7668, stack(0x0000006b62700000,0x0000006b62800000)]
  0x000001cddc96e000 JavaThread "Signal Dispatcher" daemon [_thread_blocked, id=5028, stack(0x0000006b62800000,0x0000006b62900000)]
  0x000001cddd264800 JavaThread "Attach Listener" daemon [_thread_blocked, id=8464, stack(0x0000006b62900000,0x0000006b62a00000)]
  0x000001cddd267000 JavaThread "C2 CompilerThread0" daemon [_thread_blocked, id=5068, stack(0x0000006b62a00000,0x0000006b62b00000)]
  0x000001cddd26e000 JavaThread "C2 CompilerThread1" daemon [_thread_blocked, id=6992, stack(0x0000006b62b00000,0x0000006b62c00000)]
  0x000001cddd26f000 JavaThread "C2 CompilerThread2" daemon [_thread_blocked, id=8012, stack(0x0000006b62c00000,0x0000006b62d00000)]
  0x000001cddd274000 JavaThread "C1 CompilerThread3" daemon [_thread_blocked, id=10612, stack(0x0000006b62d00000,0x0000006b62e00000)]
  0x000001cddd29e800 JavaThread "Sweeper thread" daemon [_thread_blocked, id=3504, stack(0x0000006b62e00000,0x0000006b62f00000)]
  0x000001cddd449800 JavaThread "Service Thread" daemon [_thread_blocked, id=9436, stack(0x0000006b62f00000,0x0000006b63000000)]
  0x000001cddd452000 JavaThread "Common-Cleaner" daemon [_thread_blocked, id=9372, stack(0x0000006b63000000,0x0000006b63100000)]
  0x000001cddde84000 JavaThread "Java2D Disposer" daemon [_thread_blocked, id=1548, stack(0x0000006b63600000,0x0000006b63700000)]

Other Threads:
  0x000001cddc94a800 VMThread "VM Thread" [stack: 0x0000006b62500000,0x0000006b62600000] [id=2216]
  0x000001cddd45b000 WatcherThread [stack: 0x0000006b63100000,0x0000006b63200000] [id=4388]
  0x000001cdbe895800 GCTaskThread "GC Thread#0" [stack: 0x0000006b61100000,0x0000006b61200000] [id=8844]
  0x000001cdbe898000 GCTaskThread "GC Thread#1" [stack: 0x0000006b61200000,0x0000006b61300000] [id=7964]
  0x000001cdbe89c800 GCTaskThread "GC Thread#2" [stack: 0x0000006b61300000,0x0000006b61400000] [id=6740]
  0x000001cdbe8a7800 GCTaskThread "GC Thread#3" [stack: 0x0000006b61400000,0x0000006b61500000] [id=12048]
  0x000001cdbe8a4000 GCTaskThread "GC Thread#4" [stack: 0x0000006b61500000,0x0000006b61600000] [id=12132]
  0x000001cdbe8a5800 GCTaskThread "GC Thread#5" [stack: 0x0000006b61600000,0x0000006b61700000] [id=3088]
  0x000001cdbe8a5000 GCTaskThread "GC Thread#6" [stack: 0x0000006b61700000,0x0000006b61800000] [id=1544]
  0x000001cdbe8a8000 GCTaskThread "GC Thread#7" [stack: 0x0000006b61800000,0x0000006b61900000] [id=2728]
  0x000001cdbe920000 ConcurrentGCThread "G1 Main Marker" [stack: 0x0000006b61900000,0x0000006b61a00000] [id=6276]
  0x000001cdbe8a6000 ConcurrentGCThread "G1 Conc#0" [stack: 0x0000006b61a00000,0x0000006b61b00000] [id=6584]
  0x000001cdbe8a8800 ConcurrentGCThread "G1 Conc#1" [stack: 0x0000006b61b00000,0x0000006b61c00000] [id=12208]
  0x000001cddc7ba800 ConcurrentGCThread "G1 Refine#0" [stack: 0x0000006b61c00000,0x0000006b61d00000] [id=7556]
  0x000001cddc7bb000 ConcurrentGCThread "G1 Refine#1" [stack: 0x0000006b61d00000,0x0000006b61e00000] [id=11956]
  0x000001cddc7bf800 ConcurrentGCThread "G1 Refine#2" [stack: 0x0000006b61e00000,0x0000006b61f00000] [id=5976]
  0x000001cddc7c2800 ConcurrentGCThread "G1 Refine#3" [stack: 0x0000006b61f00000,0x0000006b62000000] [id=8832]
  0x000001cddc7d3000 ConcurrentGCThread "G1 Refine#4" [stack: 0x0000006b62000000,0x0000006b62100000] [id=1044]
  0x000001cddc7d5000 ConcurrentGCThread "G1 Refine#5" [stack: 0x0000006b62100000,0x0000006b62200000] [id=2372]
  0x000001cddc7d6800 ConcurrentGCThread "G1 Refine#6" [stack: 0x0000006b62200000,0x0000006b62300000] [id=11868]
  0x000001cddc7df000 ConcurrentGCThread "G1 Refine#7" [stack: 0x0000006b62300000,0x0000006b62400000] [id=10288]
  0x000001cddc7e0000 ConcurrentGCThread "G1 Young RemSet Sampling" [stack: 0x0000006b62400000,0x0000006b62500000] [id=10996]

Threads with active compile tasks:

VM state:not at safepoint (normal execution)

VM Mutex/Monitor currently owned by a thread: None

Heap address: 0x0000000081200000, size: 2030 MB, Compressed Oops mode: 32-bit
Narrow klass base: 0x0000000000000000, Narrow klass shift: 3
Compressed class space size: 1073741824 Address: 0x0000000100000000

Heap:
 garbage-first heap   total 131072K, used 41152K [0x0000000081200000, 0x0000000100000000)
  region size 1024K, 12 young (12288K), 3 survivors (3072K)
 Metaspace       used 13884K, capacity 14108K, committed 14592K, reserved 1062912K
  class space    used 1060K, capacity 1166K, committed 1280K, reserved 1048576K
Heap Regions: E=young(eden), S=young(survivor), O=old, HS=humongous(starts), HC=humongous(continues), CS=collection set, F=free, A=archive, TS=gc time stamp, AC=allocation context, TAMS=top-at-mark-start (previous, next)
|   0|0x0000000081200000, 0x0000000081300000, 0x0000000081300000|100%|HS|  |TS  0|AC  0|TAMS 0x0000000081200000, 0x0000000081200000|
|   1|0x0000000081300000, 0x0000000081400000, 0x0000000081400000|100%|HC|  |TS  0|AC  0|TAMS 0x0000000081300000, 0x0000000081300000|
|   2|0x0000000081400000, 0x0000000081500000, 0x0000000081500000|100%|HC|  |TS  0|AC  0|TAMS 0x0000000081400000, 0x0000000081400000|
|   3|0x0000000081500000, 0x0000000081600000, 0x0000000081600000|100%|HC|  |TS  0|AC  0|TAMS 0x0000000081500000, 0x0000000081500000|
|   4|0x0000000081600000, 0x0000000081700000, 0x0000000081700000|100%|HC|  |TS  0|AC  0|TAMS 0x0000000081600000, 0x0000000081600000|
|   5|0x0000000081700000, 0x0000000081800000, 0x0000000081800000|100%|HC|  |TS  0|AC  0|TAMS 0x0000000081700000, 0x0000000081700000|
|   6|0x0000000081800000, 0x0000000081900000, 0x0000000081900000|100%|HC|  |TS  0|AC  0|TAMS 0x0000000081800000, 0x0000000081800000|
|   7|0x0000000081900000, 0x0000000081a00000, 0x0000000081a00000|100%|HC|  |TS  0|AC  0|TAMS 0x0000000081900000, 0x0000000081900000|
|   8|0x0000000081a00000, 0x0000000081b00000, 0x0000000081b00000|100%|HC|  |TS  0|AC  0|TAMS 0x0000000081a00000, 0x0000000081a00000|
|   9|0x0000000081b00000, 0x0000000081c00000, 0x0000000081c00000|100%|HC|  |TS  0|AC  0|TAMS 0x0000000081b00000, 0x0000000081b00000|
|  10|0x0000000081c00000, 0x0000000081d00000, 0x0000000081d00000|100%|HC|  |TS  0|AC  0|TAMS 0x0000000081c00000, 0x0000000081c00000|
|  11|0x0000000081d00000, 0x0000000081e00000, 0x0000000081e00000|100%|HC|  |TS  0|AC  0|TAMS 0x0000000081d00000, 0x0000000081d00000|
|  12|0x0000000081e00000, 0x0000000081f00000, 0x0000000081f00000|100%|HC|  |TS  0|AC  0|TAMS 0x0000000081e00000, 0x0000000081e00000|
|  13|0x0000000081f00000, 0x0000000082000000, 0x0000000082000000|100%|HC|  |TS  0|AC  0|TAMS 0x0000000081f00000, 0x0000000081f00000|
|  14|0x0000000082000000, 0x0000000082100000, 0x0000000082100000|100%|HC|  |TS  0|AC  0|TAMS 0x0000000082000000, 0x0000000082000000|
|  15|0x0000000082100000, 0x0000000082200000, 0x0000000082200000|100%|HS|  |TS  0|AC  0|TAMS 0x0000000082100000, 0x0000000082100000|
|  16|0x0000000082200000, 0x0000000082300000, 0x0000000082300000|100%|HC|  |TS  0|AC  0|TAMS 0x0000000082200000, 0x0000000082200000|
|  17|0x0000000082300000, 0x0000000082400000, 0x0000000082400000|100%|HC|  |TS  0|AC  0|TAMS 0x0000000082300000, 0x0000000082300000|
|  18|0x0000000082400000, 0x0000000082500000, 0x0000000082500000|100%|HC|  |TS  0|AC  0|TAMS 0x0000000082400000, 0x0000000082400000|
|  19|0x0000000082500000, 0x0000000082600000, 0x0000000082600000|100%|HC|  |TS  0|AC  0|TAMS 0x0000000082500000, 0x0000000082500000|
|  20|0x0000000082600000, 0x0000000082700000, 0x0000000082700000|100%|HC|  |TS  0|AC  0|TAMS 0x0000000082600000, 0x0000000082600000|
|  21|0x0000000082700000, 0x0000000082800000, 0x0000000082800000|100%|HC|  |TS  0|AC  0|TAMS 0x0000000082700000, 0x0000000082700000|
|  22|0x0000000082800000, 0x0000000082900000, 0x0000000082900000|100%|HC|  |TS  0|AC  0|TAMS 0x0000000082800000, 0x0000000082800000|
|  23|0x0000000082900000, 0x0000000082a00000, 0x0000000082a00000|100%|HC|  |TS  0|AC  0|TAMS 0x0000000082900000, 0x0000000082900000|
|  24|0x0000000082a00000, 0x0000000082b00000, 0x0000000082b00000|100%|HC|  |TS  0|AC  0|TAMS 0x0000000082a00000, 0x0000000082a00000|
|  25|0x0000000082b00000, 0x0000000082c00000, 0x0000000082c00000|100%|HC|  |TS  0|AC  0|TAMS 0x0000000082b00000, 0x0000000082b00000|
|  26|0x0000000082c00000, 0x0000000082d00000, 0x0000000082d00000|100%|HC|  |TS  0|AC  0|TAMS 0x0000000082c00000, 0x0000000082c00000|
|  27|0x0000000082d00000, 0x0000000082e00000, 0x0000000082e00000|100%|HC|  |TS  0|AC  0|TAMS 0x0000000082d00000, 0x0000000082d00000|
|  28|0x0000000082e00000, 0x0000000082f00000, 0x0000000082f00000|100%|HC|  |TS  0|AC  0|TAMS 0x0000000082e00000, 0x0000000082e00000|
|  29|0x0000000082f00000, 0x0000000083000000, 0x0000000083000000|100%|HC|  |TS  0|AC  0|TAMS 0x0000000082f00000, 0x0000000082f00000|
|  30|0x0000000083000000, 0x0000000083000000, 0x0000000083100000|  0%| F|  |TS  0|AC  0|TAMS 0x0000000083000000, 0x0000000083000000|
|  31|0x0000000083100000, 0x0000000083100000, 0x0000000083200000|  0%| F|  |TS  0|AC  0|TAMS 0x0000000083100000, 0x0000000083100000|
|  32|0x0000000083200000, 0x0000000083200000, 0x0000000083300000|  0%| F|  |TS  0|AC  0|TAMS 0x0000000083200000, 0x0000000083200000|
|  33|0x0000000083300000, 0x0000000083300000, 0x0000000083400000|  0%| F|  |TS  0|AC  0|TAMS 0x0000000083300000, 0x0000000083300000|
|  34|0x0000000083400000, 0x0000000083400000, 0x0000000083500000|  0%| F|  |TS  0|AC  0|TAMS 0x0000000083400000, 0x0000000083400000|
|  35|0x0000000083500000, 0x0000000083500000, 0x0000000083600000|  0%| F|  |TS  0|AC  0|TAMS 0x0000000083500000, 0x0000000083500000|
|  36|0x0000000083600000, 0x0000000083600000, 0x0000000083700000|  0%| F|  |TS  0|AC  0|TAMS 0x0000000083600000, 0x0000000083600000|
|  37|0x0000000083700000, 0x0000000083700000, 0x0000000083800000|  0%| F|  |TS  0|AC  0|TAMS 0x0000000083700000, 0x0000000083700000|
|  38|0x0000000083800000, 0x0000000083800000, 0x0000000083900000|  0%| F|  |TS  0|AC  0|TAMS 0x0000000083800000, 0x0000000083800000|
|  39|0x0000000083900000, 0x0000000083900000, 0x0000000083a00000|  0%| F|  |TS  0|AC  0|TAMS 0x0000000083900000, 0x0000000083900000|
|  40|0x0000000083a00000, 0x0000000083a00000, 0x0000000083b00000|  0%| F|  |TS  0|AC  0|TAMS 0x0000000083a00000, 0x0000000083a00000|
|  41|0x0000000083b00000, 0x0000000083b00000, 0x0000000083c00000|  0%| F|  |TS  0|AC  0|TAMS 0x0000000083b00000, 0x0000000083b00000|
|  42|0x0000000083c00000, 0x0000000083c00000, 0x0000000083d00000|  0%| F|  |TS  0|AC  0|TAMS 0x0000000083c00000, 0x0000000083c00000|
|  43|0x0000000083d00000, 0x0000000083d00000, 0x0000000083e00000|  0%| F|  |TS  0|AC  0|TAMS 0x0000000083d00000, 0x0000000083d00000|
|  44|0x0000000083e00000, 0x0000000083e00000, 0x0000000083f00000|  0%| F|  |TS  0|AC  0|TAMS 0x0000000083e00000, 0x0000000083e00000|
|  45|0x0000000083f00000, 0x0000000083f00000, 0x0000000084000000|  0%| F|  |TS  0|AC  0|TAMS 0x0000000083f00000, 0x0000000083f00000|
|  46|0x0000000084000000, 0x0000000084000000, 0x0000000084100000|  0%| F|  |TS  0|AC  0|TAMS 0x0000000084000000, 0x0000000084000000|
|  47|0x0000000084100000, 0x0000000084100000, 0x0000000084200000|  0%| F|  |TS  0|AC  0|TAMS 0x0000000084100000, 0x0000000084100000|
|  48|0x0000000084200000, 0x0000000084200000, 0x0000000084300000|  0%| F|  |TS  0|AC  0|TAMS 0x0000000084200000, 0x0000000084200000|
|  49|0x0000000084300000, 0x0000000084300000, 0x0000000084400000|  0%| F|  |TS  0|AC  0|TAMS 0x0000000084300000, 0x0000000084300000|
|  50|0x0000000084400000, 0x0000000084400000, 0x0000000084500000|  0%| F|  |TS  0|AC  0|TAMS 0x0000000084400000, 0x0000000084400000|
|  51|0x0000000084500000, 0x0000000084500000, 0x0000000084600000|  0%| F|  |TS  0|AC  0|TAMS 0x0000000084500000, 0x0000000084500000|
|  52|0x0000000084600000, 0x0000000084600000, 0x0000000084700000|  0%| F|  |TS  0|AC  0|TAMS 0x0000000084600000, 0x0000000084600000|
|  53|0x0000000084700000, 0x0000000084700000, 0x0000000084800000|  0%| F|  |TS  0|AC  0|TAMS 0x0000000084700000, 0x0000000084700000|
|  54|0x0000000084800000, 0x0000000084800000, 0x0000000084900000|  0%| F|  |TS  0|AC  0|TAMS 0x0000000084800000, 0x0000000084800000|
|  55|0x0000000084900000, 0x0000000084900000, 0x0000000084a00000|  0%| F|  |TS  0|AC  0|TAMS 0x0000000084900000, 0x0000000084900000|
|  56|0x0000000084a00000, 0x0000000084a00000, 0x0000000084b00000|  0%| F|  |TS  0|AC  0|TAMS 0x0000000084a00000, 0x0000000084a00000|
|  57|0x0000000084b00000, 0x0000000084b00000, 0x0000000084c00000|  0%| F|  |TS  0|AC  0|TAMS 0x0000000084b00000, 0x0000000084b00000|
|  58|0x0000000084c00000, 0x0000000084c00000, 0x0000000084d00000|  0%| F|  |TS  0|AC  0|TAMS 0x0000000084c00000, 0x0000000084c00000|
|  59|0x0000000084d00000, 0x0000000084d00000, 0x0000000084e00000|  0%| F|  |TS  0|AC  0|TAMS 0x0000000084d00000, 0x0000000084d00000|
|  60|0x0000000084e00000, 0x0000000084e00000, 0x0000000084f00000|  0%| F|  |TS  0|AC  0|TAMS 0x0000000084e00000, 0x0000000084e00000|
|  61|0x0000000084f00000, 0x0000000084f00000, 0x0000000085000000|  0%| F|  |TS  0|AC  0|TAMS 0x0000000084f00000, 0x0000000084f00000|
|  62|0x0000000085000000, 0x0000000085000000, 0x0000000085100000|  0%| F|  |TS  0|AC  0|TAMS 0x0000000085000000, 0x0000000085000000|
|  63|0x0000000085100000, 0x0000000085100000, 0x0000000085200000|  0%| F|  |TS  0|AC  0|TAMS 0x0000000085100000, 0x0000000085100000|
|  64|0x0000000085200000, 0x0000000085200000, 0x0000000085300000|  0%| F|  |TS  0|AC  0|TAMS 0x0000000085200000, 0x0000000085200000|
|  65|0x0000000085300000, 0x0000000085300000, 0x0000000085400000|  0%| F|  |TS  0|AC  0|TAMS 0x0000000085300000, 0x0000000085300000|
|  66|0x0000000085400000, 0x0000000085400000, 0x0000000085500000|  0%| F|  |TS  0|AC  0|TAMS 0x0000000085400000, 0x0000000085400000|
|  67|0x0000000085500000, 0x0000000085500000, 0x0000000085600000|  0%| F|  |TS  0|AC  0|TAMS 0x0000000085500000, 0x0000000085500000|
|  68|0x0000000085600000, 0x0000000085600000, 0x0000000085700000|  0%| F|  |TS  0|AC  0|TAMS 0x0000000085600000, 0x0000000085600000|
|  69|0x0000000085700000, 0x0000000085700000, 0x0000000085800000|  0%| F|  |TS  0|AC  0|TAMS 0x0000000085700000, 0x0000000085700000|
|  70|0x0000000085800000, 0x0000000085800000, 0x0000000085900000|  0%| F|  |TS  0|AC  0|TAMS 0x0000000085800000, 0x0000000085800000|
|  71|0x0000000085900000, 0x0000000085900000, 0x0000000085a00000|  0%| F|  |TS  0|AC  0|TAMS 0x0000000085900000, 0x0000000085900000|
|  72|0x0000000085a00000, 0x0000000085a00000, 0x0000000085b00000|  0%| F|  |TS  0|AC  0|TAMS 0x0000000085a00000, 0x0000000085a00000|
|  73|0x0000000085b00000, 0x0000000085b00000, 0x0000000085c00000|  0%| F|  |TS  0|AC  0|TAMS 0x0000000085b00000, 0x0000000085b00000|
|  74|0x0000000085c00000, 0x0000000085c00000, 0x0000000085d00000|  0%| F|  |TS  0|AC  0|TAMS 0x0000000085c00000, 0x0000000085c00000|
|  75|0x0000000085d00000, 0x0000000085d00000, 0x0000000085e00000|  0%| F|  |TS  0|AC  0|TAMS 0x0000000085d00000, 0x0000000085d00000|
|  76|0x0000000085e00000, 0x0000000085e00000, 0x0000000085f00000|  0%| F|  |TS  0|AC  0|TAMS 0x0000000085e00000, 0x0000000085e00000|
|  77|0x0000000085f00000, 0x0000000085f00000, 0x0000000086000000|  0%| F|  |TS  0|AC  0|TAMS 0x0000000085f00000, 0x0000000085f00000|
|  78|0x0000000086000000, 0x0000000086000000, 0x0000000086100000|  0%| F|  |TS  0|AC  0|TAMS 0x0000000086000000, 0x0000000086000000|
|  79|0x0000000086100000, 0x0000000086100000, 0x0000000086200000|  0%| F|  |TS  0|AC  0|TAMS 0x0000000086100000, 0x0000000086100000|
|  80|0x0000000086200000, 0x0000000086200000, 0x0000000086300000|  0%| F|  |TS  0|AC  0|TAMS 0x0000000086200000, 0x0000000086200000|
|  81|0x0000000086300000, 0x0000000086300000, 0x0000000086400000|  0%| F|  |TS  0|AC  0|TAMS 0x0000000086300000, 0x0000000086300000|
|  82|0x0000000086400000, 0x0000000086400000, 0x0000000086500000|  0%| F|  |TS  0|AC  0|TAMS 0x0000000086400000, 0x0000000086400000|
|  83|0x0000000086500000, 0x0000000086500000, 0x0000000086600000|  0%| F|  |TS  0|AC  0|TAMS 0x0000000086500000, 0x0000000086500000|
|  84|0x0000000086600000, 0x0000000086600000, 0x0000000086700000|  0%| F|  |TS  0|AC  0|TAMS 0x0000000086600000, 0x0000000086600000|
|  85|0x0000000086700000, 0x0000000086700000, 0x0000000086800000|  0%| F|  |TS  0|AC  0|TAMS 0x0000000086700000, 0x0000000086700000|
|  86|0x0000000086800000, 0x0000000086800000, 0x0000000086900000|  0%| F|  |TS  0|AC  0|TAMS 0x0000000086800000, 0x0000000086800000|
|  87|0x0000000086900000, 0x0000000086900000, 0x0000000086a00000|  0%| F|  |TS  0|AC  0|TAMS 0x0000000086900000, 0x0000000086900000|
|  88|0x0000000086a00000, 0x0000000086a00000, 0x0000000086b00000|  0%| F|  |TS  0|AC  0|TAMS 0x0000000086a00000, 0x0000000086a00000|
|  89|0x0000000086b00000, 0x0000000086b00000, 0x0000000086c00000|  0%| F|  |TS  0|AC  0|TAMS 0x0000000086b00000, 0x0000000086b00000|
|  90|0x0000000086c00000, 0x0000000086c00000, 0x0000000086d00000|  0%| F|  |TS  0|AC  0|TAMS 0x0000000086c00000, 0x0000000086c00000|
|  91|0x0000000086d00000, 0x0000000086d00000, 0x0000000086e00000|  0%| F|  |TS  0|AC  0|TAMS 0x0000000086d00000, 0x0000000086d00000|
|  92|0x0000000086e00000, 0x0000000086e00000, 0x0000000086f00000|  0%| F|  |TS  0|AC  0|TAMS 0x0000000086e00000, 0x0000000086e00000|
|  93|0x0000000086f00000, 0x0000000086f00000, 0x0000000087000000|  0%| F|  |TS  0|AC  0|TAMS 0x0000000086f00000, 0x0000000086f00000|
|  94|0x0000000087000000, 0x0000000087000000, 0x0000000087100000|  0%| F|  |TS  0|AC  0|TAMS 0x0000000087000000, 0x0000000087000000|
|  95|0x0000000087100000, 0x0000000087100000, 0x0000000087200000|  0%| F|  |TS  0|AC  0|TAMS 0x0000000087100000, 0x0000000087100000|
|  96|0x0000000087200000, 0x0000000087200000, 0x0000000087300000|  0%| F|  |TS  0|AC  0|TAMS 0x0000000087200000, 0x0000000087200000|
|  97|0x0000000087300000, 0x0000000087300000, 0x0000000087400000|  0%| F|  |TS  0|AC  0|TAMS 0x0000000087300000, 0x0000000087300000|
|  98|0x0000000087400000, 0x0000000087400000, 0x0000000087500000|  0%| F|  |TS  0|AC  0|TAMS 0x0000000087400000, 0x0000000087400000|
|  99|0x0000000087500000, 0x0000000087500000, 0x0000000087600000|  0%| F|  |TS  0|AC  0|TAMS 0x0000000087500000, 0x0000000087500000|
| 100|0x0000000087600000, 0x0000000087600000, 0x0000000087700000|  0%| F|  |TS  0|AC  0|TAMS 0x0000000087600000, 0x0000000087600000|
| 101|0x0000000087700000, 0x00000000877301c0, 0x0000000087800000| 18%| S|CS|TS  1|AC  0|TAMS 0x0000000087700000, 0x0000000087700000|
| 102|0x0000000087800000, 0x0000000087900000, 0x0000000087900000|100%| S|CS|TS  1|AC  0|TAMS 0x0000000087800000, 0x0000000087800000|
| 103|0x0000000087900000, 0x0000000087a00000, 0x0000000087a00000|100%| S|CS|TS  1|AC  0|TAMS 0x0000000087900000, 0x0000000087900000|
| 104|0x0000000087a00000, 0x0000000087a00000, 0x0000000087b00000|  0%| F|  |TS  1|AC  0|TAMS 0x0000000087a00000, 0x0000000087a00000|
| 105|0x0000000087b00000, 0x0000000087b00000, 0x0000000087c00000|  0%| F|  |TS  1|AC  0|TAMS 0x0000000087b00000, 0x0000000087b00000|
| 106|0x0000000087c00000, 0x0000000087c00000, 0x0000000087d00000|  0%| F|  |TS  1|AC  0|TAMS 0x0000000087c00000, 0x0000000087c00000|
| 107|0x0000000087d00000, 0x0000000087d00000, 0x0000000087e00000|  0%| F|  |TS  1|AC  0|TAMS 0x0000000087d00000, 0x0000000087d00000|
| 108|0x0000000087e00000, 0x0000000087e00000, 0x0000000087f00000|  0%| F|  |TS  1|AC  0|TAMS 0x0000000087e00000, 0x0000000087e00000|
| 109|0x0000000087f00000, 0x0000000087f00000, 0x0000000088000000|  0%| F|  |TS  1|AC  0|TAMS 0x0000000087f00000, 0x0000000087f00000|
| 110|0x0000000088000000, 0x0000000088000000, 0x0000000088100000|  0%| F|  |TS  1|AC  0|TAMS 0x0000000088000000, 0x0000000088000000|
| 111|0x0000000088100000, 0x0000000088100000, 0x0000000088200000|  0%| F|  |TS  1|AC  0|TAMS 0x0000000088100000, 0x0000000088100000|
| 112|0x0000000088200000, 0x0000000088200000, 0x0000000088300000|  0%| F|  |TS  1|AC  0|TAMS 0x0000000088200000, 0x0000000088200000|
| 113|0x0000000088300000, 0x0000000088300000, 0x0000000088400000|  0%| F|  |TS  1|AC  0|TAMS 0x0000000088300000, 0x0000000088300000|
| 114|0x0000000088400000, 0x0000000088400000, 0x0000000088500000|  0%| F|  |TS  1|AC  0|TAMS 0x0000000088400000, 0x0000000088400000|
| 115|0x0000000088500000, 0x0000000088500000, 0x0000000088600000|  0%| F|  |TS  1|AC  0|TAMS 0x0000000088500000, 0x0000000088500000|
| 116|0x0000000088600000, 0x0000000088600000, 0x0000000088700000|  0%| F|  |TS  1|AC  0|TAMS 0x0000000088600000, 0x0000000088600000|
| 117|0x0000000088700000, 0x0000000088700000, 0x0000000088800000|  0%| F|  |TS  1|AC  0|TAMS 0x0000000088700000, 0x0000000088700000|
| 118|0x0000000088800000, 0x0000000088800000, 0x0000000088900000|  0%| F|  |TS  1|AC  0|TAMS 0x0000000088800000, 0x0000000088800000|
| 119|0x0000000088900000, 0x0000000088980800, 0x0000000088a00000| 50%| E|  |TS  1|AC  0|TAMS 0x0000000088900000, 0x0000000088900000|
| 120|0x0000000088a00000, 0x0000000088b00000, 0x0000000088b00000|100%| E|CS|TS  1|AC  0|TAMS 0x0000000088a00000, 0x0000000088a00000|
| 121|0x0000000088b00000, 0x0000000088c00000, 0x0000000088c00000|100%| E|CS|TS  1|AC  0|TAMS 0x0000000088b00000, 0x0000000088b00000|
| 122|0x0000000088c00000, 0x0000000088d00000, 0x0000000088d00000|100%| E|CS|TS  1|AC  0|TAMS 0x0000000088c00000, 0x0000000088c00000|
| 123|0x0000000088d00000, 0x0000000088e00000, 0x0000000088e00000|100%| E|CS|TS  1|AC  0|TAMS 0x0000000088d00000, 0x0000000088d00000|
| 124|0x0000000088e00000, 0x0000000088f00000, 0x0000000088f00000|100%| E|CS|TS  1|AC  0|TAMS 0x0000000088e00000, 0x0000000088e00000|
| 125|0x0000000088f00000, 0x0000000089000000, 0x0000000089000000|100%| E|CS|TS  1|AC  0|TAMS 0x0000000088f00000, 0x0000000088f00000|
| 126|0x0000000089000000, 0x0000000089100000, 0x0000000089100000|100%| E|CS|TS  1|AC  0|TAMS 0x0000000089000000, 0x0000000089000000|
| 127|0x0000000089100000, 0x0000000089200000, 0x0000000089200000|100%| E|CS|TS  1|AC  0|TAMS 0x0000000089100000, 0x0000000089100000|

Card table byte_map: [0x000001cdd5770000,0x000001cdd5b70000] byte_map_base: 0x000001cdd5367000

Marking Bits (Prev, Next): (CMBitMap*) 0x000001cdbe91f0d0, (CMBitMap*) 0x000001cdbe91f108
 Prev Bits: [0x000001cdd5f70000, 0x000001cdd7f28000)
 Next Bits: [0x000001cdd7f30000, 0x000001cdd9ee8000)

Polling page: 0x000001cdbc650000

CodeHeap 'non-profiled nmethods': size=120000Kb used=352Kb max_used=352Kb free=119647Kb
 bounds [0x000001cdcdb00000, 0x000001cdcdd70000, 0x000001cdd5030000]
CodeHeap 'profiled nmethods': size=120000Kb used=1923Kb max_used=1923Kb free=118076Kb
 bounds [0x000001cdc65d0000, 0x000001cdc6840000, 0x000001cdcdb00000]
CodeHeap 'non-nmethods': size=5760Kb used=1454Kb max_used=1469Kb free=4305Kb
 bounds [0x000001cdc6030000, 0x000001cdc62a0000, 0x000001cdc65d0000]
 total_blobs=2274 nmethods=1076 adapters=883
 compilation: enabled

Compilation events (10 events):
Event: 1.175 Thread 0x000001cddd274000 1072       3       jdk.internal.loader.ClassLoaders$AppClassLoader::loadClass (40 bytes)
Event: 1.175 Thread 0x000001cddd274000 nmethod 1072 0x000001cdc67af590 code [0x000001cdc67af800, 0x000001cdc67b0100]
Event: 1.175 Thread 0x000001cddd274000 1074       3       java.util.concurrent.ConcurrentHashMap$Node::<init> (14 bytes)
Event: 1.175 Thread 0x000001cddd274000 nmethod 1074 0x000001cdc67b0490 code [0x000001cdc67b0660, 0x000001cdc67b0998]
Event: 1.175 Thread 0x000001cddd274000 1075       1       java.lang.invoke.MethodHandles$Lookup::lookupClass (5 bytes)
Event: 1.175 Thread 0x000001cddd274000 nmethod 1075 0x000001cdcdb57990 code [0x000001cdcdb57b40, 0x000001cdcdb57c58]
Event: 1.177 Thread 0x000001cddd274000 1076       1       sun.nio.cs.SingleByte$Decoder::decode (11 bytes)
Event: 1.177 Thread 0x000001cddd274000 nmethod 1076 0x000001cdcdb57d10 code [0x000001cdcdb57ec0, 0x000001cdcdb58018]
Event: 1.177 Thread 0x000001cddd274000 1077       3       java.io.BufferedReader::readLine (6 bytes)
Event: 1.177 Thread 0x000001cddd274000 nmethod 1077 0x000001cdc67b0a90 code [0x000001cdc67b0c40, 0x000001cdc67b0df0]

GC Heap History (2 events):
Event: 0.647 GC heap before
{Heap before GC invocations=0 (full 0):
 garbage-first heap   total 131072K, used 39936K [0x0000000081200000, 0x0000000100000000)
  region size 1024K, 24 young (24576K), 0 survivors (0K)
 Metaspace       used 11559K, capacity 11718K, committed 11904K, reserved 1060864K
  class space    used 946K, capacity 1030K, committed 1152K, reserved 1048576K
}
Event: 0.649 GC heap after
{Heap after GC invocations=1 (full 0):
 garbage-first heap   total 131072K, used 17600K [0x0000000081200000, 0x0000000100000000)
  region size 1024K, 3 young (3072K), 3 survivors (3072K)
 Metaspace       used 11559K, capacity 11718K, committed 11904K, reserved 1060864K
  class space    used 946K, capacity 1030K, committed 1152K, reserved 1048576K
}

Deoptimization events (5 events):
Event: 0.083 Thread 0x000001cdbe87f000 Uncommon trap: reason=unstable_if action=reinterpret pc=0x000001cdcdb057f0 method=java.lang.String.hashCode()I @ 14 c2
Event: 0.586 Thread 0x000001cdbe87f000 Uncommon trap: reason=unstable_if action=reinterpret pc=0x000001cdcdb42eb8 method=com.sun.imageio.plugins.png.PNGImageReader.paethPredictor(III)I @ 41 c2
Event: 0.586 Thread 0x000001cdbe87f000 Uncommon trap: reason=unstable_if action=reinterpret pc=0x000001cdcdb42bcc method=java.lang.Math.abs(I)I @ 1 c2
Event: 0.813 Thread 0x000001cdbe87f000 Uncommon trap: reason=unstable_if action=reinterpret pc=0x000001cdcdb4fff8 method=cnge.graphics.Window.makeGLFWImage(Ljava/lang/String;)Lorg/lwjgl/glfw/GLFWImage; @ 152 c2
Event: 1.039 Thread 0x000001cdbe87f000 Uncommon trap: reason=unstable_if action=reinterpret pc=0x000001cdcdb17dfc method=java.nio.Buffer.hasRemaining()Z @ 8 c2

Classes redefined (0 events):
No events

Internal exceptions (10 events):
Event: 0.536 Thread 0x000001cdbe87f000 Exception <a 'java/lang/NoSuchMethodError'{0x00000000885f01a8}: java.lang.invoke.DirectMethodHandle$Holder.invokeSpecial(Ljava/lang/Object;Ljava/lang/Object;IILjava/lang/Object;Ljava/lang/Object;Ljava/lang/Object;)Ljava/lang/Object;> (0x00000000885f01a8) 
Event: 0.537 Thread 0x000001cdbe87f000 Exception <a 'java/lang/NoSuchMethodError'{0x00000000885f38b8}: java.lang.invoke.DelegatingMethodHandle$Holder.reinvoke_L(Ljava/lang/Object;IILjava/lang/Object;Ljava/lang/Object;Ljava/lang/Object;)Ljava/lang/Object;> (0x00000000885f38b8) thrown at [t:/wor
Event: 0.537 Thread 0x000001cdbe87f000 Exception <a 'java/lang/NoSuchMethodError'{0x00000000885f8018}: java.lang.invoke.DirectMethodHandle$Holder.invokeStatic(Ljava/lang/Object;Ljava/lang/Object;Ljava/lang/Object;Ljava/lang/Object;I)Ljava/lang/Object;> (0x00000000885f8018) thrown at [t:/worksp
Event: 0.539 Thread 0x000001cdbe87f000 Exception <a 'java/lang/NoSuchMethodError'{0x000000008840f918}: method resolution failed> (0x000000008840f918) thrown at [t:/workspace/open/src/hotspot/share/prims/methodHandles.cpp, line 1226]
Event: 0.542 Thread 0x000001cdbe87f000 Exception <a 'java/lang/NoSuchMethodError'{0x0000000088425ce8}: method resolution failed> (0x0000000088425ce8) thrown at [t:/workspace/open/src/hotspot/share/prims/methodHandles.cpp, line 1226]
Event: 0.544 Thread 0x000001cdbe87f000 Exception <a 'java/lang/NoSuchMethodError'{0x000000008843da88}: method resolution failed> (0x000000008843da88) thrown at [t:/workspace/open/src/hotspot/share/prims/methodHandles.cpp, line 1226]
Event: 0.545 Thread 0x000001cdbe87f000 Exception <a 'java/lang/NoSuchMethodError'{0x0000000088457320}: method resolution failed> (0x0000000088457320) thrown at [t:/workspace/open/src/hotspot/share/prims/methodHandles.cpp, line 1226]
Event: 0.546 Thread 0x000001cdbe87f000 Exception <a 'java/io/FileNotFoundException'{0x0000000088460c20}> (0x0000000088460c20) thrown at [t:/workspace/open/src/hotspot/share/prims/jni.cpp, line 611]
Event: 1.169 Thread 0x000001cdbe87f000 Exception <a 'java/lang/NoSuchMethodError'{0x0000000088ae5b18}: java.lang.Object.lambda$negate$3(I)Z> (0x0000000088ae5b18) thrown at [t:/workspace/open/src/hotspot/share/interpreter/linkResolver.cpp, line 741]
Event: 1.174 Thread 0x000001cdbe87f000 Exception <a 'java/lang/NoSuchMethodError'{0x00000000889650f0}: method resolution failed> (0x00000000889650f0) thrown at [t:/workspace/open/src/hotspot/share/prims/methodHandles.cpp, line 1226]

Events (10 events):
Event: 1.173 loading class org/lwjgl/openal/SOFTSourceLatency
Event: 1.173 loading class org/lwjgl/openal/SOFTSourceLatency done
Event: 1.174 loading class org/lwjgl/openal/SOFTSourceResampler
Event: 1.174 loading class org/lwjgl/openal/SOFTSourceResampler done
Event: 1.174 loading class cnge/core/Base
Event: 1.174 loading class cnge/core/Base done
Event: 1.175 loading class cnge/core/Resizer
Event: 1.175 loading class cnge/core/Resizer done
Event: 1.176 loading class game/shaders/StenShader
Event: 1.176 loading class game/shaders/StenShader done


Dynamic libraries:
0x00007ff6b4ef0000 - 0x00007ff6b4f2e000 	C:\Program Files\Java\jre-10.0.2\bin\javaw.exe
0x00007ffbce690000 - 0x00007ffbce871000 	C:\WINDOWS\SYSTEM32\ntdll.dll
0x00007ffbcd830000 - 0x00007ffbcd8e2000 	C:\WINDOWS\System32\KERNEL32.DLL
0x00007ffbcadd0000 - 0x00007ffbcb043000 	C:\WINDOWS\System32\KERNELBASE.dll
0x00007ffbcbde0000 - 0x00007ffbcbe81000 	C:\WINDOWS\System32\ADVAPI32.dll
0x00007ffbcdd40000 - 0x00007ffbcddde000 	C:\WINDOWS\System32\msvcrt.dll
0x00007ffbcbf80000 - 0x00007ffbcbfdb000 	C:\WINDOWS\System32\sechost.dll
0x00007ffbce530000 - 0x00007ffbce654000 	C:\WINDOWS\System32\RPCRT4.dll
0x00007ffbcbb80000 - 0x00007ffbcbd10000 	C:\WINDOWS\System32\USER32.dll
0x00007ffbcacb0000 - 0x00007ffbcacd0000 	C:\WINDOWS\System32\win32u.dll
0x00007ffbcdfb0000 - 0x00007ffbcdfd8000 	C:\WINDOWS\System32\GDI32.dll
0x00007ffbcb850000 - 0x00007ffbcb9e2000 	C:\WINDOWS\System32\gdi32full.dll
0x00007ffbcb0a0000 - 0x00007ffbcb13f000 	C:\WINDOWS\System32\msvcp_win.dll
0x00007ffbcacd0000 - 0x00007ffbcadca000 	C:\WINDOWS\System32\ucrtbase.dll
0x00007ffbae300000 - 0x00007ffbae569000 	C:\WINDOWS\WinSxS\amd64_microsoft.windows.common-controls_6595b64144ccf1df_6.0.17134.407_none_fb449d63306391e9\COMCTL32.dll
0x00007ffbc3550000 - 0x00007ffbc355a000 	C:\WINDOWS\SYSTEM32\VERSION.dll
0x00007ffbcdff0000 - 0x00007ffbce312000 	C:\WINDOWS\System32\combase.dll
0x00007ffbcb9f0000 - 0x00007ffbcba6a000 	C:\WINDOWS\System32\bcryptPrimitives.dll
0x00007ffbcde60000 - 0x00007ffbcde8d000 	C:\WINDOWS\System32\IMM32.DLL
0x00007ffbaa720000 - 0x00007ffbaa80f000 	C:\Program Files\Java\jre-10.0.2\bin\msvcr120.dll
0x00007ffba7760000 - 0x00007ffba7806000 	C:\Program Files\Java\jre-10.0.2\bin\msvcp120.dll
0x0000000069ed0000 - 0x000000006a940000 	C:\Program Files\Java\jre-10.0.2\bin\server\jvm.dll
0x00007ffbce520000 - 0x00007ffbce528000 	C:\WINDOWS\System32\PSAPI.DLL
0x00007ffbc8a40000 - 0x00007ffbc8a63000 	C:\WINDOWS\SYSTEM32\WINMM.dll
0x00007ffbb8fd0000 - 0x00007ffbb8fd9000 	C:\WINDOWS\SYSTEM32\WSOCK32.dll
0x00007ffbcdf40000 - 0x00007ffbcdfac000 	C:\WINDOWS\System32\WS2_32.dll
0x00007ffbc8a10000 - 0x00007ffbc8a3a000 	C:\WINDOWS\SYSTEM32\WINMMBASE.dll
0x00007ffbcb050000 - 0x00007ffbcb099000 	C:\WINDOWS\System32\cfgmgr32.dll
0x00007ffbc74b0000 - 0x00007ffbc74bf000 	C:\Program Files\Java\jre-10.0.2\bin\verify.dll
0x00007ffbb5ae0000 - 0x00007ffbb5ca9000 	C:\WINDOWS\SYSTEM32\DBGHELP.DLL
0x00007ffbb6960000 - 0x00007ffbb6989000 	C:\WINDOWS\SYSTEM32\dbgcore.DLL
0x00007ffbbeca0000 - 0x00007ffbbecc7000 	C:\Program Files\Java\jre-10.0.2\bin\java.dll
0x00007ffbbec80000 - 0x00007ffbbec96000 	C:\Program Files\Java\jre-10.0.2\bin\zip.dll
0x00007ffbc63e0000 - 0x00007ffbc63ea000 	C:\Program Files\Java\jre-10.0.2\bin\jimage.dll
0x00007ffbcc150000 - 0x00007ffbcd58f000 	C:\WINDOWS\System32\SHELL32.dll
0x00007ffbcde90000 - 0x00007ffbcdf39000 	C:\WINDOWS\System32\shcore.dll
0x00007ffbcb140000 - 0x00007ffbcb84d000 	C:\WINDOWS\System32\windows.storage.dll
0x00007ffbcbb20000 - 0x00007ffbcbb71000 	C:\WINDOWS\System32\shlwapi.dll
0x00007ffbcaa40000 - 0x00007ffbcaa51000 	C:\WINDOWS\System32\kernel.appcore.dll
0x00007ffbcaa00000 - 0x00007ffbcaa1f000 	C:\WINDOWS\System32\profapi.dll
0x00007ffbca9b0000 - 0x00007ffbca9fc000 	C:\WINDOWS\System32\powrprof.dll
0x00007ffbca9a0000 - 0x00007ffbca9aa000 	C:\WINDOWS\System32\FLTLIB.DLL
0x00007ffbbe9b0000 - 0x00007ffbbe9ca000 	C:\Program Files\Java\jre-10.0.2\bin\net.dll
0x00007ffbc6290000 - 0x00007ffbc636c000 	C:\WINDOWS\SYSTEM32\WINHTTP.dll
0x00007ffbca1c0000 - 0x00007ffbca226000 	C:\WINDOWS\system32\mswsock.dll
0x00007ffbbe6a0000 - 0x00007ffbbe6b1000 	C:\Program Files\Java\jre-10.0.2\bin\nio.dll
0x00007ffba8e80000 - 0x00007ffba8ee0000 	C:\Users\Emmett\AppData\Local\Temp\lwjglEmmett\3.2.1-build-3\lwjgl.dll
0x00007ffba2de0000 - 0x00007ffba2e3e000 	C:\Users\Emmett\AppData\Local\Temp\lwjglEmmett\3.2.1-build-3\glfw.dll
0x00007ffbc8f70000 - 0x00007ffbc9008000 	C:\WINDOWS\system32\uxtheme.dll
0x00007ffba2d90000 - 0x00007ffba2dd3000 	C:\WINDOWS\SYSTEM32\dinput8.dll
0x00007ffbbe790000 - 0x00007ffbbe7a0000 	C:\WINDOWS\SYSTEM32\xinput1_4.dll
0x00007ffbca750000 - 0x00007ffbca777000 	C:\WINDOWS\SYSTEM32\DEVOBJ.dll
0x00007ffbc9050000 - 0x00007ffbc9079000 	C:\WINDOWS\SYSTEM32\dwmapi.dll
0x00007ffbc4150000 - 0x00007ffbc41c9000 	C:\WINDOWS\SYSTEM32\inputhost.dll
0x00007ffbc6a80000 - 0x00007ffbc6bcd000 	C:\WINDOWS\SYSTEM32\wintypes.dll
0x00007ffbc8930000 - 0x00007ffbc8a0a000 	C:\WINDOWS\SYSTEM32\CoreMessaging.dll
0x00007ffbc5770000 - 0x00007ffbc5a8e000 	C:\WINDOWS\SYSTEM32\CoreUIComponents.dll
0x00007ffbc9a90000 - 0x00007ffbc9ac1000 	C:\WINDOWS\SYSTEM32\ntmarta.dll
0x00007ffbcd650000 - 0x00007ffbcd7c3000 	C:\WINDOWS\System32\MSCTF.dll
0x00007ffbcbd10000 - 0x00007ffbcbdd2000 	C:\WINDOWS\System32\OLEAUT32.dll
0x00007ffbc96b0000 - 0x00007ffbc96bc000 	C:\WINDOWS\SYSTEM32\HID.DLL
0x00007ffbcd8f0000 - 0x00007ffbcdd3b000 	C:\WINDOWS\System32\SETUPAPI.DLL
0x00007ffbcaa60000 - 0x00007ffbcaab7000 	C:\WINDOWS\System32\WINTRUST.dll
0x00007ffbcaa20000 - 0x00007ffbcaa32000 	C:\WINDOWS\System32\MSASN1.dll
0x00007ffbcaac0000 - 0x00007ffbcaca2000 	C:\WINDOWS\System32\CRYPT32.dll
0x00007ffbadf70000 - 0x00007ffbae090000 	C:\WINDOWS\SYSTEM32\opengl32.dll
0x00007ffbb6150000 - 0x00007ffbb617c000 	C:\WINDOWS\SYSTEM32\GLU32.dll
0x00007ffb870a0000 - 0x00007ffb87fb0000 	C:\WINDOWS\System32\DriverStore\FileRepository\igdlh64.inf_amd64_66011d60fecdb7a1\ig9icd64.dll
0x00007ffbc9760000 - 0x00007ffbc981b000 	C:\WINDOWS\SYSTEM32\dxgi.dll
0x00007ffbc7390000 - 0x00007ffbc73a3000 	C:\WINDOWS\SYSTEM32\WTSAPI32.dll
0x00007ffbc1070000 - 0x00007ffbc267c000 	C:\WINDOWS\System32\DriverStore\FileRepository\igdlh64.inf_amd64_66011d60fecdb7a1\igc64.dll
0x00007ffbc40b0000 - 0x00007ffbc4146000 	C:\WINDOWS\System32\TextInputFramework.dll
0x00007ffba1db0000 - 0x00007ffba1e0a000 	C:\Users\Emmett\AppData\Local\Temp\lwjglEmmett\3.2.1-build-3\lwjgl_opengl.dll
0x00007ffb9d4a0000 - 0x00007ffb9d63b000 	C:\Program Files\Java\jre-10.0.2\bin\awt.dll
0x00007ffbc7b60000 - 0x00007ffbc8127000 	C:\WINDOWS\SYSTEM32\d2d1.dll
0x00007ffbc8c70000 - 0x00007ffbc8cfb000 	C:\WINDOWS\SYSTEM32\apphelp.dll
0x00007ffbadec0000 - 0x00007ffbadf68000 	C:\WINDOWS\SYSTEM32\mscms.dll
0x00007ffbca8d0000 - 0x00007ffbca8f8000 	C:\WINDOWS\SYSTEM32\USERENV.dll
0x00007ffbc5b30000 - 0x00007ffbc5b40000 	C:\WINDOWS\SYSTEM32\ColorAdapterClient.dll
0x00007ffb8e7e0000 - 0x00007ffb8e823000 	C:\WINDOWS\SYSTEM32\icm32.dll
0x00007ffba03d0000 - 0x00007ffba04e4000 	C:\Users\Emmett\AppData\Local\Temp\lwjglEmmett\3.2.1-build-3\OpenAL.dll
0x00007ffbcbfe0000 - 0x00007ffbcc131000 	C:\WINDOWS\System32\ole32.dll
0x00007ffbcd590000 - 0x00007ffbcd630000 	C:\WINDOWS\System32\clbcatq.dll
0x00007ffbc2680000 - 0x00007ffbc26f6000 	C:\WINDOWS\System32\MMDevApi.dll
0x00007ffbc7150000 - 0x00007ffbc7304000 	C:\WINDOWS\System32\PROPSYS.dll
0x00007ffbbe280000 - 0x00007ffbbe3ac000 	C:\WINDOWS\SYSTEM32\AUDIOSES.DLL
0x00007ffbc5cd0000 - 0x00007ffbc5cda000 	C:\WINDOWS\SYSTEM32\AVRT.dll

dbghelp: loaded successfully - version: 4.0.5 - missing functions: none
symbol engine: initialized successfully - sym options: 0x614 - pdb path: .;C:\Program Files\Java\jre-10.0.2\bin;C:\WINDOWS\SYSTEM32;C:\WINDOWS\WinSxS\amd64_microsoft.windows.common-controls_6595b64144ccf1df_6.0.17134.407_none_fb449d63306391e9;C:\Program Files\Java\jre-10.0.2\bin\server;C:\Users\Emmett\AppData\Local\Temp\lwjglEmmett\3.2.1-build-3;C:\WINDOWS\System32\DriverStore\FileRepository\igdlh64.inf_amd64_66011d60fecdb7a1

VM Arguments:
jvm_args: -Dfile.encoding=Cp1252 
java_command: game.Main
java_class_path (initial): C:\Users\Emmett\git\CNGE-java\bin;C:\Users\Emmett\git\CNGE-java\ref\lwjgl\windows\lwjgl-glfw-natives-windows.jar;C:\Users\Emmett\git\CNGE-java\ref\lwjgl\windows\lwjgl-natives-windows.jar;C:\Users\Emmett\git\CNGE-java\ref\lwjgl\windows\lwjgl-openal-natives-windows.jar;C:\Users\Emmett\git\CNGE-java\ref\lwjgl\windows\lwjgl-opengl-natives-windows.jar;C:\Users\Emmett\git\CNGE-java\ref\lwjgl\windows\lwjgl-stb-natives-windows.jar;C:\Users\Emmett\git\CNGE-java\ref\lwjgl\joml-1.9.11.jar;C:\Users\Emmett\git\CNGE-java\ref\lwjgl\lwjgl-glfw.jar;C:\Users\Emmett\git\CNGE-java\ref\lwjgl\lwjgl-openal.jar;C:\Users\Emmett\git\CNGE-java\ref\lwjgl\lwjgl-opengl.jar;C:\Users\Emmett\git\CNGE-java\ref\lwjgl\lwjgl-stb.jar;C:\Users\Emmett\git\CNGE-java\ref\lwjgl\lwjgl.jar
Launcher Type: SUN_STANDARD

Logging:
Log output configuration:
#0: stdout all=warning uptime,level,tags
#1: stderr all=off uptime,level,tags

Environment Variables:
PATH=C:\Program Files (x86)\Common Files\Oracle\Java\javapath;C:\Program Files (x86)\Intel\iCLS Client\;C:\ProgramData\Oracle\Java\javapath;C:\Program Files\Intel\iCLS Client\;C:\Windows\system32;C:\Windows;C:\Windows\System32\Wbem;C:\Windows\System32\WindowsPowerShell\v1.0\;C:\Program Files (x86)\NVIDIA Corporation\PhysX\Common;C:\Program Files\Intel\WiFi\bin\;C:\Program Files\Common Files\Intel\WirelessCommon\;C:\WINDOWS\system32;C:\WINDOWS;C:\WINDOWS\System32\Wbem;C:\WINDOWS\System32\WindowsPowerShell\v1.0\;C:\Program Files (x86)\GtkSharp\2.12\bin;C:\WINDOWS\system32;C:\WINDOWS;C:\WINDOWS\System32\Wbem;C:\WINDOWS\System32\WindowsPowerShell\v1.0\;C:\Program Files (x86)\Intel\Intel(R) Management Engine Components\DAL;C:\Program Files\Intel\Intel(R) Management Engine Components\DAL;C:\Program Files (x86)\Intel\Intel(R) Management Engine Components\IPT;C:\Program Files\Intel\Intel(R) Management Engine Components\IPT;C:\WINDOWS\System32\OpenSSH\;C:\Users\Emmett\AppData\Local\Microsoft\WindowsApps;
USERNAME=Emmett
OS=Windows_NT
PROCESSOR_IDENTIFIER=Intel64 Family 6 Model 158 Stepping 9, GenuineIntel



---------------  S Y S T E M  ---------------

OS: Windows 10 , 64 bit Build 17134 (10.0.17134.1)

CPU:total 8 (initial active 8) (4 cores per cpu, 2 threads per core) family 6 model 158 stepping 9, cmov, cx8, fxsr, mmx, sse, sse2, sse3, ssse3, sse4.1, sse4.2, popcnt, avx, avx2, aes, clmul, erms, 3dnowpref, lzcnt, ht, tsc, tscinvbit, bmi1, bmi2, adx, fma

Memory: 4k page, physical 8306804k(3238264k free), swap 12107892k(5558916k free)

vm_info: Java HotSpot(TM) 64-Bit Server VM (10.0.2+13) for windows-amd64 JRE (10.0.2+13), built on Jun 28 2018 01:57:56 by "mach5one" with MS VC++ 12.0 (VS2013)

END.
